<?xml version="1.0" encoding="UTF-8"?>
<testsuite xmlns:xsi="http://www.w3.org/2001/XMLSchema-instance" xsi:noNamespaceSchemaLocation="https://maven.apache.org/surefire/maven-surefire-plugin/xsd/surefire-test-report-3.0.xsd" version="3.0" name="demo.springwolf.DemoSpringwolfApplicationTests" time="2.116" tests="1" errors="0" skipped="0" failures="0">
  <properties>
    <property name="java.specification.version" value="17"/>
    <property name="sun.jnu.encoding" value="UTF-8"/>
    <property name="java.class.path" value="/Users/raphaeldelio/Documents/GitHub/demo-springwolf/demo-springwolf/target/test-classes:/Users/raphaeldelio/Documents/GitHub/demo-springwolf/demo-springwolf/target/classes:/Users/raphaeldelio/.m2/repository/org/springframework/boot/spring-boot-starter/3.1.4/spring-boot-starter-3.1.4.jar:/Users/raphaeldelio/.m2/repository/org/springframework/boot/spring-boot/3.1.4/spring-boot-3.1.4.jar:/Users/raphaeldelio/.m2/repository/org/springframework/boot/spring-boot-autoconfigure/3.1.4/spring-boot-autoconfigure-3.1.4.jar:/Users/raphaeldelio/.m2/repository/org/springframework/boot/spring-boot-starter-logging/3.1.4/spring-boot-starter-logging-3.1.4.jar:/Users/raphaeldelio/.m2/repository/ch/qos/logback/logback-classic/1.4.11/logback-classic-1.4.11.jar:/Users/raphaeldelio/.m2/repository/ch/qos/logback/logback-core/1.4.11/logback-core-1.4.11.jar:/Users/raphaeldelio/.m2/repository/org/apache/logging/log4j/log4j-to-slf4j/2.20.0/log4j-to-slf4j-2.20.0.jar:/Users/raphaeldelio/.m2/repository/org/apache/logging/log4j/log4j-api/2.20.0/log4j-api-2.20.0.jar:/Users/raphaeldelio/.m2/repository/org/slf4j/jul-to-slf4j/2.0.9/jul-to-slf4j-2.0.9.jar:/Users/raphaeldelio/.m2/repository/jakarta/annotation/jakarta.annotation-api/2.1.1/jakarta.annotation-api-2.1.1.jar:/Users/raphaeldelio/.m2/repository/org/springframework/spring-core/6.0.12/spring-core-6.0.12.jar:/Users/raphaeldelio/.m2/repository/org/springframework/spring-jcl/6.0.12/spring-jcl-6.0.12.jar:/Users/raphaeldelio/.m2/repository/org/yaml/snakeyaml/1.33/snakeyaml-1.33.jar:/Users/raphaeldelio/.m2/repository/org/springframework/boot/spring-boot-starter-web/3.1.4/spring-boot-starter-web-3.1.4.jar:/Users/raphaeldelio/.m2/repository/org/springframework/boot/spring-boot-starter-json/3.1.4/spring-boot-starter-json-3.1.4.jar:/Users/raphaeldelio/.m2/repository/com/fasterxml/jackson/datatype/jackson-datatype-jdk8/2.15.2/jackson-datatype-jdk8-2.15.2.jar:/Users/raphaeldelio/.m2/repository/com/fasterxml/jackson/module/jackson-module-parameter-names/2.15.2/jackson-module-parameter-names-2.15.2.jar:/Users/raphaeldelio/.m2/repository/org/springframework/boot/spring-boot-starter-tomcat/3.1.4/spring-boot-starter-tomcat-3.1.4.jar:/Users/raphaeldelio/.m2/repository/org/apache/tomcat/embed/tomcat-embed-core/10.1.13/tomcat-embed-core-10.1.13.jar:/Users/raphaeldelio/.m2/repository/org/apache/tomcat/embed/tomcat-embed-el/10.1.13/tomcat-embed-el-10.1.13.jar:/Users/raphaeldelio/.m2/repository/org/apache/tomcat/embed/tomcat-embed-websocket/10.1.13/tomcat-embed-websocket-10.1.13.jar:/Users/raphaeldelio/.m2/repository/org/springframework/spring-web/6.0.12/spring-web-6.0.12.jar:/Users/raphaeldelio/.m2/repository/org/springframework/spring-webmvc/6.0.12/spring-webmvc-6.0.12.jar:/Users/raphaeldelio/.m2/repository/org/springframework/spring-aop/6.0.12/spring-aop-6.0.12.jar:/Users/raphaeldelio/.m2/repository/org/springframework/spring-expression/6.0.12/spring-expression-6.0.12.jar:/Users/raphaeldelio/.m2/repository/org/springframework/boot/spring-boot-starter-actuator/3.1.4/spring-boot-starter-actuator-3.1.4.jar:/Users/raphaeldelio/.m2/repository/org/springframework/boot/spring-boot-actuator-autoconfigure/3.1.4/spring-boot-actuator-autoconfigure-3.1.4.jar:/Users/raphaeldelio/.m2/repository/org/springframework/boot/spring-boot-actuator/3.1.4/spring-boot-actuator-3.1.4.jar:/Users/raphaeldelio/.m2/repository/io/micrometer/micrometer-observation/1.11.4/micrometer-observation-1.11.4.jar:/Users/raphaeldelio/.m2/repository/io/micrometer/micrometer-commons/1.11.4/micrometer-commons-1.11.4.jar:/Users/raphaeldelio/.m2/repository/io/micrometer/micrometer-core/1.11.4/micrometer-core-1.11.4.jar:/Users/raphaeldelio/.m2/repository/org/hdrhistogram/HdrHistogram/2.1.12/HdrHistogram-2.1.12.jar:/Users/raphaeldelio/.m2/repository/org/latencyutils/LatencyUtils/2.0.3/LatencyUtils-2.0.3.jar:/Users/raphaeldelio/.m2/repository/org/springframework/kafka/spring-kafka/3.0.11/spring-kafka-3.0.11.jar:/Users/raphaeldelio/.m2/repository/org/springframework/spring-context/6.0.12/spring-context-6.0.12.jar:/Users/raphaeldelio/.m2/repository/org/springframework/spring-messaging/6.0.12/spring-messaging-6.0.12.jar:/Users/raphaeldelio/.m2/repository/org/springframework/spring-tx/6.0.12/spring-tx-6.0.12.jar:/Users/raphaeldelio/.m2/repository/org/springframework/retry/spring-retry/2.0.3/spring-retry-2.0.3.jar:/Users/raphaeldelio/.m2/repository/org/apache/kafka/kafka-clients/3.4.1/kafka-clients-3.4.1.jar:/Users/raphaeldelio/.m2/repository/com/github/luben/zstd-jni/1.5.2-1/zstd-jni-1.5.2-1.jar:/Users/raphaeldelio/.m2/repository/org/lz4/lz4-java/1.8.0/lz4-java-1.8.0.jar:/Users/raphaeldelio/.m2/repository/org/xerial/snappy/snappy-java/1.1.8.4/snappy-java-1.1.8.4.jar:/Users/raphaeldelio/.m2/repository/com/google/code/findbugs/jsr305/3.0.2/jsr305-3.0.2.jar:/Users/raphaeldelio/.m2/repository/org/apache/avro/avro/1.11.3/avro-1.11.3.jar:/Users/raphaeldelio/.m2/repository/com/fasterxml/jackson/core/jackson-core/2.15.2/jackson-core-2.15.2.jar:/Users/raphaeldelio/.m2/repository/com/fasterxml/jackson/core/jackson-databind/2.15.2/jackson-databind-2.15.2.jar:/Users/raphaeldelio/.m2/repository/org/apache/commons/commons-compress/1.22/commons-compress-1.22.jar:/Users/raphaeldelio/.m2/repository/org/slf4j/slf4j-api/2.0.9/slf4j-api-2.0.9.jar:/Users/raphaeldelio/.m2/repository/io/confluent/kafka-avro-serializer/7.5.1/kafka-avro-serializer-7.5.1.jar:/Users/raphaeldelio/.m2/repository/io/confluent/kafka-schema-serializer/7.5.1/kafka-schema-serializer-7.5.1.jar:/Users/raphaeldelio/.m2/repository/io/confluent/kafka-schema-registry-client/7.5.1/kafka-schema-registry-client-7.5.1.jar:/Users/raphaeldelio/.m2/repository/io/confluent/logredactor/1.0.12/logredactor-1.0.12.jar:/Users/raphaeldelio/.m2/repository/com/google/re2j/re2j/1.6/re2j-1.6.jar:/Users/raphaeldelio/.m2/repository/io/confluent/logredactor-metrics/1.0.12/logredactor-metrics-1.0.12.jar:/Users/raphaeldelio/.m2/repository/com/eclipsesource/minimal-json/minimal-json/0.9.5/minimal-json-0.9.5.jar:/Users/raphaeldelio/.m2/repository/io/confluent/common-utils/7.5.1/common-utils-7.5.1.jar:/Users/raphaeldelio/.m2/repository/org/projectlombok/lombok/1.18.30/lombok-1.18.30.jar:/Users/raphaeldelio/.m2/repository/com/google/guava/guava/27.0.1-jre/guava-27.0.1-jre.jar:/Users/raphaeldelio/.m2/repository/com/google/guava/failureaccess/1.0.1/failureaccess-1.0.1.jar:/Users/raphaeldelio/.m2/repository/com/google/guava/listenablefuture/9999.0-empty-to-avoid-conflict-with-guava/listenablefuture-9999.0-empty-to-avoid-conflict-with-guava.jar:/Users/raphaeldelio/.m2/repository/org/checkerframework/checker-qual/2.5.2/checker-qual-2.5.2.jar:/Users/raphaeldelio/.m2/repository/com/google/errorprone/error_prone_annotations/2.2.0/error_prone_annotations-2.2.0.jar:/Users/raphaeldelio/.m2/repository/com/google/j2objc/j2objc-annotations/1.1/j2objc-annotations-1.1.jar:/Users/raphaeldelio/.m2/repository/org/codehaus/mojo/animal-sniffer-annotations/1.17/animal-sniffer-annotations-1.17.jar:/Users/raphaeldelio/.m2/repository/org/springframework/boot/spring-boot-starter-test/3.1.4/spring-boot-starter-test-3.1.4.jar:/Users/raphaeldelio/.m2/repository/org/springframework/boot/spring-boot-test/3.1.4/spring-boot-test-3.1.4.jar:/Users/raphaeldelio/.m2/repository/org/springframework/boot/spring-boot-test-autoconfigure/3.1.4/spring-boot-test-autoconfigure-3.1.4.jar:/Users/raphaeldelio/.m2/repository/com/jayway/jsonpath/json-path/2.8.0/json-path-2.8.0.jar:/Users/raphaeldelio/.m2/repository/jakarta/xml/bind/jakarta.xml.bind-api/4.0.1/jakarta.xml.bind-api-4.0.1.jar:/Users/raphaeldelio/.m2/repository/jakarta/activation/jakarta.activation-api/2.1.2/jakarta.activation-api-2.1.2.jar:/Users/raphaeldelio/.m2/repository/net/minidev/json-smart/2.4.11/json-smart-2.4.11.jar:/Users/raphaeldelio/.m2/repository/net/minidev/accessors-smart/2.4.11/accessors-smart-2.4.11.jar:/Users/raphaeldelio/.m2/repository/org/ow2/asm/asm/9.3/asm-9.3.jar:/Users/raphaeldelio/.m2/repository/org/assertj/assertj-core/3.24.2/assertj-core-3.24.2.jar:/Users/raphaeldelio/.m2/repository/net/bytebuddy/byte-buddy/1.14.8/byte-buddy-1.14.8.jar:/Users/raphaeldelio/.m2/repository/org/hamcrest/hamcrest/2.2/hamcrest-2.2.jar:/Users/raphaeldelio/.m2/repository/org/junit/jupiter/junit-jupiter/5.9.3/junit-jupiter-5.9.3.jar:/Users/raphaeldelio/.m2/repository/org/junit/jupiter/junit-jupiter-params/5.9.3/junit-jupiter-params-5.9.3.jar:/Users/raphaeldelio/.m2/repository/org/junit/jupiter/junit-jupiter-engine/5.9.3/junit-jupiter-engine-5.9.3.jar:/Users/raphaeldelio/.m2/repository/org/mockito/mockito-core/5.3.1/mockito-core-5.3.1.jar:/Users/raphaeldelio/.m2/repository/net/bytebuddy/byte-buddy-agent/1.14.8/byte-buddy-agent-1.14.8.jar:/Users/raphaeldelio/.m2/repository/org/objenesis/objenesis/3.3/objenesis-3.3.jar:/Users/raphaeldelio/.m2/repository/org/mockito/mockito-junit-jupiter/5.3.1/mockito-junit-jupiter-5.3.1.jar:/Users/raphaeldelio/.m2/repository/org/skyscreamer/jsonassert/1.5.1/jsonassert-1.5.1.jar:/Users/raphaeldelio/.m2/repository/com/vaadin/external/google/android-json/0.0.20131108.vaadin1/android-json-0.0.20131108.vaadin1.jar:/Users/raphaeldelio/.m2/repository/org/springframework/spring-test/6.0.12/spring-test-6.0.12.jar:/Users/raphaeldelio/.m2/repository/org/xmlunit/xmlunit-core/2.9.1/xmlunit-core-2.9.1.jar:/Users/raphaeldelio/.m2/repository/org/springframework/kafka/spring-kafka-test/3.0.11/spring-kafka-test-3.0.11.jar:/Users/raphaeldelio/.m2/repository/org/apache/zookeeper/zookeeper/3.6.3/zookeeper-3.6.3.jar:/Users/raphaeldelio/.m2/repository/org/apache/zookeeper/zookeeper-jute/3.6.3/zookeeper-jute-3.6.3.jar:/Users/raphaeldelio/.m2/repository/org/apache/yetus/audience-annotations/0.5.0/audience-annotations-0.5.0.jar:/Users/raphaeldelio/.m2/repository/io/netty/netty-handler/4.1.97.Final/netty-handler-4.1.97.Final.jar:/Users/raphaeldelio/.m2/repository/io/netty/netty-common/4.1.97.Final/netty-common-4.1.97.Final.jar:/Users/raphaeldelio/.m2/repository/io/netty/netty-resolver/4.1.97.Final/netty-resolver-4.1.97.Final.jar:/Users/raphaeldelio/.m2/repository/io/netty/netty-buffer/4.1.97.Final/netty-buffer-4.1.97.Final.jar:/Users/raphaeldelio/.m2/repository/io/netty/netty-transport/4.1.97.Final/netty-transport-4.1.97.Final.jar:/Users/raphaeldelio/.m2/repository/io/netty/netty-transport-native-unix-common/4.1.97.Final/netty-transport-native-unix-common-4.1.97.Final.jar:/Users/raphaeldelio/.m2/repository/io/netty/netty-codec/4.1.97.Final/netty-codec-4.1.97.Final.jar:/Users/raphaeldelio/.m2/repository/io/netty/netty-transport-native-epoll/4.1.97.Final/netty-transport-native-epoll-4.1.97.Final.jar:/Users/raphaeldelio/.m2/repository/io/netty/netty-transport-classes-epoll/4.1.97.Final/netty-transport-classes-epoll-4.1.97.Final.jar:/Users/raphaeldelio/.m2/repository/org/apache/kafka/kafka-clients/3.4.1/kafka-clients-3.4.1-test.jar:/Users/raphaeldelio/.m2/repository/org/apache/kafka/kafka-metadata/3.4.1/kafka-metadata-3.4.1.jar:/Users/raphaeldelio/.m2/repository/org/apache/kafka/kafka-server-common/3.4.1/kafka-server-common-3.4.1.jar:/Users/raphaeldelio/.m2/repository/org/apache/kafka/kafka-raft/3.4.1/kafka-raft-3.4.1.jar:/Users/raphaeldelio/.m2/repository/com/yammer/metrics/metrics-core/2.2.0/metrics-core-2.2.0.jar:/Users/raphaeldelio/.m2/repository/org/apache/kafka/kafka-streams-test-utils/3.4.1/kafka-streams-test-utils-3.4.1.jar:/Users/raphaeldelio/.m2/repository/org/apache/kafka/kafka-streams/3.4.1/kafka-streams-3.4.1.jar:/Users/raphaeldelio/.m2/repository/org/rocksdb/rocksdbjni/7.1.2/rocksdbjni-7.1.2.jar:/Users/raphaeldelio/.m2/repository/org/apache/kafka/kafka_2.13/3.4.1/kafka_2.13-3.4.1.jar:/Users/raphaeldelio/.m2/repository/org/scala-lang/scala-library/2.13.10/scala-library-2.13.10.jar:/Users/raphaeldelio/.m2/repository/org/apache/kafka/kafka-group-coordinator/3.4.1/kafka-group-coordinator-3.4.1.jar:/Users/raphaeldelio/.m2/repository/org/apache/kafka/kafka-storage/3.4.1/kafka-storage-3.4.1.jar:/Users/raphaeldelio/.m2/repository/org/apache/kafka/kafka-storage-api/3.4.1/kafka-storage-api-3.4.1.jar:/Users/raphaeldelio/.m2/repository/net/sourceforge/argparse4j/argparse4j/0.7.0/argparse4j-0.7.0.jar:/Users/raphaeldelio/.m2/repository/com/fasterxml/jackson/module/jackson-module-scala_2.13/2.15.2/jackson-module-scala_2.13-2.15.2.jar:/Users/raphaeldelio/.m2/repository/com/thoughtworks/paranamer/paranamer/2.8/paranamer-2.8.jar:/Users/raphaeldelio/.m2/repository/com/fasterxml/jackson/dataformat/jackson-dataformat-csv/2.15.2/jackson-dataformat-csv-2.15.2.jar:/Users/raphaeldelio/.m2/repository/net/sf/jopt-simple/jopt-simple/5.0.4/jopt-simple-5.0.4.jar:/Users/raphaeldelio/.m2/repository/org/bitbucket/b_c/jose4j/0.9.3/jose4j-0.9.3.jar:/Users/raphaeldelio/.m2/repository/org/scala-lang/modules/scala-collection-compat_2.13/2.10.0/scala-collection-compat_2.13-2.10.0.jar:/Users/raphaeldelio/.m2/repository/org/scala-lang/modules/scala-java8-compat_2.13/1.0.2/scala-java8-compat_2.13-1.0.2.jar:/Users/raphaeldelio/.m2/repository/org/scala-lang/scala-reflect/2.13.10/scala-reflect-2.13.10.jar:/Users/raphaeldelio/.m2/repository/com/typesafe/scala-logging/scala-logging_2.13/3.9.4/scala-logging_2.13-3.9.4.jar:/Users/raphaeldelio/.m2/repository/io/dropwizard/metrics/metrics-core/4.2.19/metrics-core-4.2.19.jar:/Users/raphaeldelio/.m2/repository/commons-cli/commons-cli/1.4/commons-cli-1.4.jar:/Users/raphaeldelio/.m2/repository/org/apache/kafka/kafka_2.13/3.4.1/kafka_2.13-3.4.1-test.jar:/Users/raphaeldelio/.m2/repository/org/junit/jupiter/junit-jupiter-api/5.9.3/junit-jupiter-api-5.9.3.jar:/Users/raphaeldelio/.m2/repository/org/opentest4j/opentest4j/1.2.0/opentest4j-1.2.0.jar:/Users/raphaeldelio/.m2/repository/org/junit/platform/junit-platform-commons/1.9.3/junit-platform-commons-1.9.3.jar:/Users/raphaeldelio/.m2/repository/org/apiguardian/apiguardian-api/1.1.2/apiguardian-api-1.1.2.jar:/Users/raphaeldelio/.m2/repository/org/junit/platform/junit-platform-launcher/1.9.3/junit-platform-launcher-1.9.3.jar:/Users/raphaeldelio/.m2/repository/org/junit/platform/junit-platform-engine/1.9.3/junit-platform-engine-1.9.3.jar:/Users/raphaeldelio/.m2/repository/io/github/springwolf/springwolf-kafka/0.14.0/springwolf-kafka-0.14.0.jar:/Users/raphaeldelio/.m2/repository/io/github/springwolf/springwolf-core/0.14.0/springwolf-core-0.14.0.jar:/Users/raphaeldelio/.m2/repository/io/swagger/swagger-inflector/2.0.9/swagger-inflector-2.0.9.jar:/Users/raphaeldelio/.m2/repository/io/swagger/parser/v3/swagger-parser/2.1.12/swagger-parser-2.1.12.jar:/Users/raphaeldelio/.m2/repository/io/swagger/parser/v3/swagger-parser-v2-converter/2.1.12/swagger-parser-v2-converter-2.1.12.jar:/Users/raphaeldelio/.m2/repository/io/swagger/swagger-core/1.6.9/swagger-core-1.6.9.jar:/Users/raphaeldelio/.m2/repository/io/swagger/swagger-models/1.6.9/swagger-models-1.6.9.jar:/Users/raphaeldelio/.m2/repository/io/swagger/swagger-annotations/1.6.9/swagger-annotations-1.6.9.jar:/Users/raphaeldelio/.m2/repository/io/swagger/swagger-parser/1.0.64/swagger-parser-1.0.64.jar:/Users/raphaeldelio/.m2/repository/io/swagger/swagger-compat-spec-parser/1.0.64/swagger-compat-spec-parser-1.0.64.jar:/Users/raphaeldelio/.m2/repository/com/github/java-json-tools/json-patch/1.13/json-patch-1.13.jar:/Users/raphaeldelio/.m2/repository/org/apache/httpcomponents/httpclient/4.5.13/httpclient-4.5.13.jar:/Users/raphaeldelio/.m2/repository/org/apache/httpcomponents/httpcore/4.4.16/httpcore-4.4.16.jar:/Users/raphaeldelio/.m2/repository/commons-logging/commons-logging/1.2/commons-logging-1.2.jar:/Users/raphaeldelio/.m2/repository/commons-codec/commons-codec/1.15/commons-codec-1.15.jar:/Users/raphaeldelio/.m2/repository/io/swagger/parser/v3/swagger-parser-core/2.1.12/swagger-parser-core-2.1.12.jar:/Users/raphaeldelio/.m2/repository/io/swagger/parser/v3/swagger-parser-v3/2.1.12/swagger-parser-v3-2.1.12.jar:/Users/raphaeldelio/.m2/repository/org/glassfish/jersey/inject/jersey-hk2/3.1.3/jersey-hk2-3.1.3.jar:/Users/raphaeldelio/.m2/repository/org/glassfish/jersey/core/jersey-common/3.1.3/jersey-common-3.1.3.jar:/Users/raphaeldelio/.m2/repository/org/glassfish/hk2/osgi-resource-locator/1.0.3/osgi-resource-locator-1.0.3.jar:/Users/raphaeldelio/.m2/repository/org/glassfish/hk2/hk2-locator/3.0.4/hk2-locator-3.0.4.jar:/Users/raphaeldelio/.m2/repository/org/glassfish/hk2/external/aopalliance-repackaged/3.0.4/aopalliance-repackaged-3.0.4.jar:/Users/raphaeldelio/.m2/repository/org/glassfish/hk2/hk2-api/3.0.4/hk2-api-3.0.4.jar:/Users/raphaeldelio/.m2/repository/org/glassfish/hk2/hk2-utils/3.0.4/hk2-utils-3.0.4.jar:/Users/raphaeldelio/.m2/repository/org/javassist/javassist/3.29.2-GA/javassist-3.29.2-GA.jar:/Users/raphaeldelio/.m2/repository/org/glassfish/jersey/core/jersey-server/3.1.3/jersey-server-3.1.3.jar:/Users/raphaeldelio/.m2/repository/jakarta/ws/rs/jakarta.ws.rs-api/3.1.0/jakarta.ws.rs-api-3.1.0.jar:/Users/raphaeldelio/.m2/repository/jakarta/inject/jakarta.inject-api/2.0.1/jakarta.inject-api-2.0.1.jar:/Users/raphaeldelio/.m2/repository/org/glassfish/jersey/containers/jersey-container-servlet-core/3.1.3/jersey-container-servlet-core-3.1.3.jar:/Users/raphaeldelio/.m2/repository/org/glassfish/jersey/media/jersey-media-multipart/3.1.3/jersey-media-multipart-3.1.3.jar:/Users/raphaeldelio/.m2/repository/org/jvnet/mimepull/mimepull/1.9.15/mimepull-1.9.15.jar:/Users/raphaeldelio/.m2/repository/org/glassfish/jersey/core/jersey-client/3.1.3/jersey-client-3.1.3.jar:/Users/raphaeldelio/.m2/repository/org/slf4j/slf4j-ext/2.0.9/slf4j-ext-2.0.9.jar:/Users/raphaeldelio/.m2/repository/org/apache/commons/commons-csv/1.10.0/commons-csv-1.10.0.jar:/Users/raphaeldelio/.m2/repository/commons-io/commons-io/2.11.0/commons-io-2.11.0.jar:/Users/raphaeldelio/.m2/repository/com/fasterxml/jackson/jaxrs/jackson-jaxrs-json-provider/2.15.2/jackson-jaxrs-json-provider-2.15.2.jar:/Users/raphaeldelio/.m2/repository/com/fasterxml/jackson/jaxrs/jackson-jaxrs-base/2.15.2/jackson-jaxrs-base-2.15.2.jar:/Users/raphaeldelio/.m2/repository/com/fasterxml/jackson/module/jackson-module-jaxb-annotations/2.15.2/jackson-module-jaxb-annotations-2.15.2.jar:/Users/raphaeldelio/.m2/repository/com/fasterxml/jackson/jaxrs/jackson-jaxrs-yaml-provider/2.15.2/jackson-jaxrs-yaml-provider-2.15.2.jar:/Users/raphaeldelio/.m2/repository/com/fasterxml/jackson/datatype/jackson-datatype-joda/2.15.2/jackson-datatype-joda-2.15.2.jar:/Users/raphaeldelio/.m2/repository/joda-time/joda-time/2.10.14/joda-time-2.10.14.jar:/Users/raphaeldelio/.m2/repository/com/fasterxml/jackson/jaxrs/jackson-jaxrs-xml-provider/2.15.2/jackson-jaxrs-xml-provider-2.15.2.jar:/Users/raphaeldelio/.m2/repository/com/fasterxml/jackson/dataformat/jackson-dataformat-xml/2.15.2/jackson-dataformat-xml-2.15.2.jar:/Users/raphaeldelio/.m2/repository/org/codehaus/woodstox/stax2-api/4.2.1/stax2-api-4.2.1.jar:/Users/raphaeldelio/.m2/repository/com/fasterxml/woodstox/woodstox-core/6.5.1/woodstox-core-6.5.1.jar:/Users/raphaeldelio/.m2/repository/com/github/java-json-tools/json-schema-validator/2.2.14/json-schema-validator-2.2.14.jar:/Users/raphaeldelio/.m2/repository/com/github/java-json-tools/jackson-coreutils-equivalence/1.0/jackson-coreutils-equivalence-1.0.jar:/Users/raphaeldelio/.m2/repository/com/github/java-json-tools/jackson-coreutils/2.0/jackson-coreutils-2.0.jar:/Users/raphaeldelio/.m2/repository/com/github/java-json-tools/msg-simple/1.2/msg-simple-1.2.jar:/Users/raphaeldelio/.m2/repository/com/github/java-json-tools/btf/1.3/btf-1.3.jar:/Users/raphaeldelio/.m2/repository/com/github/java-json-tools/json-schema-core/1.2.14/json-schema-core-1.2.14.jar:/Users/raphaeldelio/.m2/repository/com/github/java-json-tools/uri-template/0.10/uri-template-0.10.jar:/Users/raphaeldelio/.m2/repository/org/mozilla/rhino/1.7.7.2/rhino-1.7.7.2.jar:/Users/raphaeldelio/.m2/repository/com/sun/mail/mailapi/1.6.2/mailapi-1.6.2.jar:/Users/raphaeldelio/.m2/repository/com/googlecode/libphonenumber/libphonenumber/8.11.1/libphonenumber-8.11.1.jar:/Users/raphaeldelio/.m2/repository/commons-fileupload/commons-fileupload/1.4/commons-fileupload-1.4.jar:/Users/raphaeldelio/.m2/repository/io/swagger/core/v3/swagger-annotations-jakarta/2.2.15/swagger-annotations-jakarta-2.2.15.jar:/Users/raphaeldelio/.m2/repository/io/swagger/core/v3/swagger-core-jakarta/2.2.15/swagger-core-jakarta-2.2.15.jar:/Users/raphaeldelio/.m2/repository/io/swagger/core/v3/swagger-models-jakarta/2.2.15/swagger-models-jakarta-2.2.15.jar:/Users/raphaeldelio/.m2/repository/com/asyncapi/asyncapi-core/1.0.0-EAP-2/asyncapi-core-1.0.0-EAP-2.jar:/Users/raphaeldelio/.m2/repository/io/swagger/core/v3/swagger-models/2.2.15/swagger-models-2.2.15.jar:/Users/raphaeldelio/.m2/repository/org/springframework/spring-beans/6.0.12/spring-beans-6.0.12.jar:/Users/raphaeldelio/.m2/repository/io/github/springwolf/springwolf-ui/0.14.0/springwolf-ui-0.14.0.jar:/Users/raphaeldelio/.m2/repository/io/swagger/core/v3/swagger-core/2.2.10/swagger-core-2.2.10.jar:/Users/raphaeldelio/.m2/repository/org/apache/commons/commons-lang3/3.12.0/commons-lang3-3.12.0.jar:/Users/raphaeldelio/.m2/repository/com/fasterxml/jackson/core/jackson-annotations/2.15.2/jackson-annotations-2.15.2.jar:/Users/raphaeldelio/.m2/repository/com/fasterxml/jackson/dataformat/jackson-dataformat-yaml/2.15.2/jackson-dataformat-yaml-2.15.2.jar:/Users/raphaeldelio/.m2/repository/com/fasterxml/jackson/datatype/jackson-datatype-jsr310/2.15.2/jackson-datatype-jsr310-2.15.2.jar:/Users/raphaeldelio/.m2/repository/io/swagger/core/v3/swagger-annotations/2.2.10/swagger-annotations-2.2.10.jar:/Users/raphaeldelio/.m2/repository/jakarta/validation/jakarta.validation-api/3.0.2/jakarta.validation-api-3.0.2.jar:"/>
    <property name="java.vm.vendor" value="Oracle Corporation"/>
    <property name="sun.arch.data.model" value="64"/>
    <property name="java.vendor.url" value="https://java.oracle.com/"/>
    <property name="user.timezone" value="Europe/Amsterdam"/>
    <property name="os.name" value="Mac OS X"/>
    <property name="java.vm.specification.version" value="17"/>
    <property name="sun.java.launcher" value="SUN_STANDARD"/>
    <property name="user.country" value="NL"/>
    <property name="sun.boot.library.path" value="/Library/Java/JavaVirtualMachines/jdk-17.0.5.jdk/Contents/Home/lib"/>
    <property name="sun.java.command" value="/Users/raphaeldelio/Documents/GitHub/demo-springwolf/demo-springwolf/target/surefire/surefirebooter-20231029224704707_3.jar /Users/raphaeldelio/Documents/GitHub/demo-springwolf/demo-springwolf/target/surefire 2023-10-29T22-47-04_665-jvmRun1 surefire-20231029224704707_1tmp surefire_0-20231029224704707_2tmp"/>
    <property name="http.nonProxyHosts" value="local|*.local|169.254/16|*.169.254/16"/>
    <property name="jdk.debug" value="release"/>
    <property name="surefire.test.class.path" value="/Users/raphaeldelio/Documents/GitHub/demo-springwolf/demo-springwolf/target/test-classes:/Users/raphaeldelio/Documents/GitHub/demo-springwolf/demo-springwolf/target/classes:/Users/raphaeldelio/.m2/repository/org/springframework/boot/spring-boot-starter/3.1.4/spring-boot-starter-3.1.4.jar:/Users/raphaeldelio/.m2/repository/org/springframework/boot/spring-boot/3.1.4/spring-boot-3.1.4.jar:/Users/raphaeldelio/.m2/repository/org/springframework/boot/spring-boot-autoconfigure/3.1.4/spring-boot-autoconfigure-3.1.4.jar:/Users/raphaeldelio/.m2/repository/org/springframework/boot/spring-boot-starter-logging/3.1.4/spring-boot-starter-logging-3.1.4.jar:/Users/raphaeldelio/.m2/repository/ch/qos/logback/logback-classic/1.4.11/logback-classic-1.4.11.jar:/Users/raphaeldelio/.m2/repository/ch/qos/logback/logback-core/1.4.11/logback-core-1.4.11.jar:/Users/raphaeldelio/.m2/repository/org/apache/logging/log4j/log4j-to-slf4j/2.20.0/log4j-to-slf4j-2.20.0.jar:/Users/raphaeldelio/.m2/repository/org/apache/logging/log4j/log4j-api/2.20.0/log4j-api-2.20.0.jar:/Users/raphaeldelio/.m2/repository/org/slf4j/jul-to-slf4j/2.0.9/jul-to-slf4j-2.0.9.jar:/Users/raphaeldelio/.m2/repository/jakarta/annotation/jakarta.annotation-api/2.1.1/jakarta.annotation-api-2.1.1.jar:/Users/raphaeldelio/.m2/repository/org/springframework/spring-core/6.0.12/spring-core-6.0.12.jar:/Users/raphaeldelio/.m2/repository/org/springframework/spring-jcl/6.0.12/spring-jcl-6.0.12.jar:/Users/raphaeldelio/.m2/repository/org/yaml/snakeyaml/1.33/snakeyaml-1.33.jar:/Users/raphaeldelio/.m2/repository/org/springframework/boot/spring-boot-starter-web/3.1.4/spring-boot-starter-web-3.1.4.jar:/Users/raphaeldelio/.m2/repository/org/springframework/boot/spring-boot-starter-json/3.1.4/spring-boot-starter-json-3.1.4.jar:/Users/raphaeldelio/.m2/repository/com/fasterxml/jackson/datatype/jackson-datatype-jdk8/2.15.2/jackson-datatype-jdk8-2.15.2.jar:/Users/raphaeldelio/.m2/repository/com/fasterxml/jackson/module/jackson-module-parameter-names/2.15.2/jackson-module-parameter-names-2.15.2.jar:/Users/raphaeldelio/.m2/repository/org/springframework/boot/spring-boot-starter-tomcat/3.1.4/spring-boot-starter-tomcat-3.1.4.jar:/Users/raphaeldelio/.m2/repository/org/apache/tomcat/embed/tomcat-embed-core/10.1.13/tomcat-embed-core-10.1.13.jar:/Users/raphaeldelio/.m2/repository/org/apache/tomcat/embed/tomcat-embed-el/10.1.13/tomcat-embed-el-10.1.13.jar:/Users/raphaeldelio/.m2/repository/org/apache/tomcat/embed/tomcat-embed-websocket/10.1.13/tomcat-embed-websocket-10.1.13.jar:/Users/raphaeldelio/.m2/repository/org/springframework/spring-web/6.0.12/spring-web-6.0.12.jar:/Users/raphaeldelio/.m2/repository/org/springframework/spring-webmvc/6.0.12/spring-webmvc-6.0.12.jar:/Users/raphaeldelio/.m2/repository/org/springframework/spring-aop/6.0.12/spring-aop-6.0.12.jar:/Users/raphaeldelio/.m2/repository/org/springframework/spring-expression/6.0.12/spring-expression-6.0.12.jar:/Users/raphaeldelio/.m2/repository/org/springframework/boot/spring-boot-starter-actuator/3.1.4/spring-boot-starter-actuator-3.1.4.jar:/Users/raphaeldelio/.m2/repository/org/springframework/boot/spring-boot-actuator-autoconfigure/3.1.4/spring-boot-actuator-autoconfigure-3.1.4.jar:/Users/raphaeldelio/.m2/repository/org/springframework/boot/spring-boot-actuator/3.1.4/spring-boot-actuator-3.1.4.jar:/Users/raphaeldelio/.m2/repository/io/micrometer/micrometer-observation/1.11.4/micrometer-observation-1.11.4.jar:/Users/raphaeldelio/.m2/repository/io/micrometer/micrometer-commons/1.11.4/micrometer-commons-1.11.4.jar:/Users/raphaeldelio/.m2/repository/io/micrometer/micrometer-core/1.11.4/micrometer-core-1.11.4.jar:/Users/raphaeldelio/.m2/repository/org/hdrhistogram/HdrHistogram/2.1.12/HdrHistogram-2.1.12.jar:/Users/raphaeldelio/.m2/repository/org/latencyutils/LatencyUtils/2.0.3/LatencyUtils-2.0.3.jar:/Users/raphaeldelio/.m2/repository/org/springframework/kafka/spring-kafka/3.0.11/spring-kafka-3.0.11.jar:/Users/raphaeldelio/.m2/repository/org/springframework/spring-context/6.0.12/spring-context-6.0.12.jar:/Users/raphaeldelio/.m2/repository/org/springframework/spring-messaging/6.0.12/spring-messaging-6.0.12.jar:/Users/raphaeldelio/.m2/repository/org/springframework/spring-tx/6.0.12/spring-tx-6.0.12.jar:/Users/raphaeldelio/.m2/repository/org/springframework/retry/spring-retry/2.0.3/spring-retry-2.0.3.jar:/Users/raphaeldelio/.m2/repository/org/apache/kafka/kafka-clients/3.4.1/kafka-clients-3.4.1.jar:/Users/raphaeldelio/.m2/repository/com/github/luben/zstd-jni/1.5.2-1/zstd-jni-1.5.2-1.jar:/Users/raphaeldelio/.m2/repository/org/lz4/lz4-java/1.8.0/lz4-java-1.8.0.jar:/Users/raphaeldelio/.m2/repository/org/xerial/snappy/snappy-java/1.1.8.4/snappy-java-1.1.8.4.jar:/Users/raphaeldelio/.m2/repository/com/google/code/findbugs/jsr305/3.0.2/jsr305-3.0.2.jar:/Users/raphaeldelio/.m2/repository/org/apache/avro/avro/1.11.3/avro-1.11.3.jar:/Users/raphaeldelio/.m2/repository/com/fasterxml/jackson/core/jackson-core/2.15.2/jackson-core-2.15.2.jar:/Users/raphaeldelio/.m2/repository/com/fasterxml/jackson/core/jackson-databind/2.15.2/jackson-databind-2.15.2.jar:/Users/raphaeldelio/.m2/repository/org/apache/commons/commons-compress/1.22/commons-compress-1.22.jar:/Users/raphaeldelio/.m2/repository/org/slf4j/slf4j-api/2.0.9/slf4j-api-2.0.9.jar:/Users/raphaeldelio/.m2/repository/io/confluent/kafka-avro-serializer/7.5.1/kafka-avro-serializer-7.5.1.jar:/Users/raphaeldelio/.m2/repository/io/confluent/kafka-schema-serializer/7.5.1/kafka-schema-serializer-7.5.1.jar:/Users/raphaeldelio/.m2/repository/io/confluent/kafka-schema-registry-client/7.5.1/kafka-schema-registry-client-7.5.1.jar:/Users/raphaeldelio/.m2/repository/io/confluent/logredactor/1.0.12/logredactor-1.0.12.jar:/Users/raphaeldelio/.m2/repository/com/google/re2j/re2j/1.6/re2j-1.6.jar:/Users/raphaeldelio/.m2/repository/io/confluent/logredactor-metrics/1.0.12/logredactor-metrics-1.0.12.jar:/Users/raphaeldelio/.m2/repository/com/eclipsesource/minimal-json/minimal-json/0.9.5/minimal-json-0.9.5.jar:/Users/raphaeldelio/.m2/repository/io/confluent/common-utils/7.5.1/common-utils-7.5.1.jar:/Users/raphaeldelio/.m2/repository/org/projectlombok/lombok/1.18.30/lombok-1.18.30.jar:/Users/raphaeldelio/.m2/repository/com/google/guava/guava/27.0.1-jre/guava-27.0.1-jre.jar:/Users/raphaeldelio/.m2/repository/com/google/guava/failureaccess/1.0.1/failureaccess-1.0.1.jar:/Users/raphaeldelio/.m2/repository/com/google/guava/listenablefuture/9999.0-empty-to-avoid-conflict-with-guava/listenablefuture-9999.0-empty-to-avoid-conflict-with-guava.jar:/Users/raphaeldelio/.m2/repository/org/checkerframework/checker-qual/2.5.2/checker-qual-2.5.2.jar:/Users/raphaeldelio/.m2/repository/com/google/errorprone/error_prone_annotations/2.2.0/error_prone_annotations-2.2.0.jar:/Users/raphaeldelio/.m2/repository/com/google/j2objc/j2objc-annotations/1.1/j2objc-annotations-1.1.jar:/Users/raphaeldelio/.m2/repository/org/codehaus/mojo/animal-sniffer-annotations/1.17/animal-sniffer-annotations-1.17.jar:/Users/raphaeldelio/.m2/repository/org/springframework/boot/spring-boot-starter-test/3.1.4/spring-boot-starter-test-3.1.4.jar:/Users/raphaeldelio/.m2/repository/org/springframework/boot/spring-boot-test/3.1.4/spring-boot-test-3.1.4.jar:/Users/raphaeldelio/.m2/repository/org/springframework/boot/spring-boot-test-autoconfigure/3.1.4/spring-boot-test-autoconfigure-3.1.4.jar:/Users/raphaeldelio/.m2/repository/com/jayway/jsonpath/json-path/2.8.0/json-path-2.8.0.jar:/Users/raphaeldelio/.m2/repository/jakarta/xml/bind/jakarta.xml.bind-api/4.0.1/jakarta.xml.bind-api-4.0.1.jar:/Users/raphaeldelio/.m2/repository/jakarta/activation/jakarta.activation-api/2.1.2/jakarta.activation-api-2.1.2.jar:/Users/raphaeldelio/.m2/repository/net/minidev/json-smart/2.4.11/json-smart-2.4.11.jar:/Users/raphaeldelio/.m2/repository/net/minidev/accessors-smart/2.4.11/accessors-smart-2.4.11.jar:/Users/raphaeldelio/.m2/repository/org/ow2/asm/asm/9.3/asm-9.3.jar:/Users/raphaeldelio/.m2/repository/org/assertj/assertj-core/3.24.2/assertj-core-3.24.2.jar:/Users/raphaeldelio/.m2/repository/net/bytebuddy/byte-buddy/1.14.8/byte-buddy-1.14.8.jar:/Users/raphaeldelio/.m2/repository/org/hamcrest/hamcrest/2.2/hamcrest-2.2.jar:/Users/raphaeldelio/.m2/repository/org/junit/jupiter/junit-jupiter/5.9.3/junit-jupiter-5.9.3.jar:/Users/raphaeldelio/.m2/repository/org/junit/jupiter/junit-jupiter-params/5.9.3/junit-jupiter-params-5.9.3.jar:/Users/raphaeldelio/.m2/repository/org/junit/jupiter/junit-jupiter-engine/5.9.3/junit-jupiter-engine-5.9.3.jar:/Users/raphaeldelio/.m2/repository/org/mockito/mockito-core/5.3.1/mockito-core-5.3.1.jar:/Users/raphaeldelio/.m2/repository/net/bytebuddy/byte-buddy-agent/1.14.8/byte-buddy-agent-1.14.8.jar:/Users/raphaeldelio/.m2/repository/org/objenesis/objenesis/3.3/objenesis-3.3.jar:/Users/raphaeldelio/.m2/repository/org/mockito/mockito-junit-jupiter/5.3.1/mockito-junit-jupiter-5.3.1.jar:/Users/raphaeldelio/.m2/repository/org/skyscreamer/jsonassert/1.5.1/jsonassert-1.5.1.jar:/Users/raphaeldelio/.m2/repository/com/vaadin/external/google/android-json/0.0.20131108.vaadin1/android-json-0.0.20131108.vaadin1.jar:/Users/raphaeldelio/.m2/repository/org/springframework/spring-test/6.0.12/spring-test-6.0.12.jar:/Users/raphaeldelio/.m2/repository/org/xmlunit/xmlunit-core/2.9.1/xmlunit-core-2.9.1.jar:/Users/raphaeldelio/.m2/repository/org/springframework/kafka/spring-kafka-test/3.0.11/spring-kafka-test-3.0.11.jar:/Users/raphaeldelio/.m2/repository/org/apache/zookeeper/zookeeper/3.6.3/zookeeper-3.6.3.jar:/Users/raphaeldelio/.m2/repository/org/apache/zookeeper/zookeeper-jute/3.6.3/zookeeper-jute-3.6.3.jar:/Users/raphaeldelio/.m2/repository/org/apache/yetus/audience-annotations/0.5.0/audience-annotations-0.5.0.jar:/Users/raphaeldelio/.m2/repository/io/netty/netty-handler/4.1.97.Final/netty-handler-4.1.97.Final.jar:/Users/raphaeldelio/.m2/repository/io/netty/netty-common/4.1.97.Final/netty-common-4.1.97.Final.jar:/Users/raphaeldelio/.m2/repository/io/netty/netty-resolver/4.1.97.Final/netty-resolver-4.1.97.Final.jar:/Users/raphaeldelio/.m2/repository/io/netty/netty-buffer/4.1.97.Final/netty-buffer-4.1.97.Final.jar:/Users/raphaeldelio/.m2/repository/io/netty/netty-transport/4.1.97.Final/netty-transport-4.1.97.Final.jar:/Users/raphaeldelio/.m2/repository/io/netty/netty-transport-native-unix-common/4.1.97.Final/netty-transport-native-unix-common-4.1.97.Final.jar:/Users/raphaeldelio/.m2/repository/io/netty/netty-codec/4.1.97.Final/netty-codec-4.1.97.Final.jar:/Users/raphaeldelio/.m2/repository/io/netty/netty-transport-native-epoll/4.1.97.Final/netty-transport-native-epoll-4.1.97.Final.jar:/Users/raphaeldelio/.m2/repository/io/netty/netty-transport-classes-epoll/4.1.97.Final/netty-transport-classes-epoll-4.1.97.Final.jar:/Users/raphaeldelio/.m2/repository/org/apache/kafka/kafka-clients/3.4.1/kafka-clients-3.4.1-test.jar:/Users/raphaeldelio/.m2/repository/org/apache/kafka/kafka-metadata/3.4.1/kafka-metadata-3.4.1.jar:/Users/raphaeldelio/.m2/repository/org/apache/kafka/kafka-server-common/3.4.1/kafka-server-common-3.4.1.jar:/Users/raphaeldelio/.m2/repository/org/apache/kafka/kafka-raft/3.4.1/kafka-raft-3.4.1.jar:/Users/raphaeldelio/.m2/repository/com/yammer/metrics/metrics-core/2.2.0/metrics-core-2.2.0.jar:/Users/raphaeldelio/.m2/repository/org/apache/kafka/kafka-streams-test-utils/3.4.1/kafka-streams-test-utils-3.4.1.jar:/Users/raphaeldelio/.m2/repository/org/apache/kafka/kafka-streams/3.4.1/kafka-streams-3.4.1.jar:/Users/raphaeldelio/.m2/repository/org/rocksdb/rocksdbjni/7.1.2/rocksdbjni-7.1.2.jar:/Users/raphaeldelio/.m2/repository/org/apache/kafka/kafka_2.13/3.4.1/kafka_2.13-3.4.1.jar:/Users/raphaeldelio/.m2/repository/org/scala-lang/scala-library/2.13.10/scala-library-2.13.10.jar:/Users/raphaeldelio/.m2/repository/org/apache/kafka/kafka-group-coordinator/3.4.1/kafka-group-coordinator-3.4.1.jar:/Users/raphaeldelio/.m2/repository/org/apache/kafka/kafka-storage/3.4.1/kafka-storage-3.4.1.jar:/Users/raphaeldelio/.m2/repository/org/apache/kafka/kafka-storage-api/3.4.1/kafka-storage-api-3.4.1.jar:/Users/raphaeldelio/.m2/repository/net/sourceforge/argparse4j/argparse4j/0.7.0/argparse4j-0.7.0.jar:/Users/raphaeldelio/.m2/repository/com/fasterxml/jackson/module/jackson-module-scala_2.13/2.15.2/jackson-module-scala_2.13-2.15.2.jar:/Users/raphaeldelio/.m2/repository/com/thoughtworks/paranamer/paranamer/2.8/paranamer-2.8.jar:/Users/raphaeldelio/.m2/repository/com/fasterxml/jackson/dataformat/jackson-dataformat-csv/2.15.2/jackson-dataformat-csv-2.15.2.jar:/Users/raphaeldelio/.m2/repository/net/sf/jopt-simple/jopt-simple/5.0.4/jopt-simple-5.0.4.jar:/Users/raphaeldelio/.m2/repository/org/bitbucket/b_c/jose4j/0.9.3/jose4j-0.9.3.jar:/Users/raphaeldelio/.m2/repository/org/scala-lang/modules/scala-collection-compat_2.13/2.10.0/scala-collection-compat_2.13-2.10.0.jar:/Users/raphaeldelio/.m2/repository/org/scala-lang/modules/scala-java8-compat_2.13/1.0.2/scala-java8-compat_2.13-1.0.2.jar:/Users/raphaeldelio/.m2/repository/org/scala-lang/scala-reflect/2.13.10/scala-reflect-2.13.10.jar:/Users/raphaeldelio/.m2/repository/com/typesafe/scala-logging/scala-logging_2.13/3.9.4/scala-logging_2.13-3.9.4.jar:/Users/raphaeldelio/.m2/repository/io/dropwizard/metrics/metrics-core/4.2.19/metrics-core-4.2.19.jar:/Users/raphaeldelio/.m2/repository/commons-cli/commons-cli/1.4/commons-cli-1.4.jar:/Users/raphaeldelio/.m2/repository/org/apache/kafka/kafka_2.13/3.4.1/kafka_2.13-3.4.1-test.jar:/Users/raphaeldelio/.m2/repository/org/junit/jupiter/junit-jupiter-api/5.9.3/junit-jupiter-api-5.9.3.jar:/Users/raphaeldelio/.m2/repository/org/opentest4j/opentest4j/1.2.0/opentest4j-1.2.0.jar:/Users/raphaeldelio/.m2/repository/org/junit/platform/junit-platform-commons/1.9.3/junit-platform-commons-1.9.3.jar:/Users/raphaeldelio/.m2/repository/org/apiguardian/apiguardian-api/1.1.2/apiguardian-api-1.1.2.jar:/Users/raphaeldelio/.m2/repository/org/junit/platform/junit-platform-launcher/1.9.3/junit-platform-launcher-1.9.3.jar:/Users/raphaeldelio/.m2/repository/org/junit/platform/junit-platform-engine/1.9.3/junit-platform-engine-1.9.3.jar:/Users/raphaeldelio/.m2/repository/io/github/springwolf/springwolf-kafka/0.14.0/springwolf-kafka-0.14.0.jar:/Users/raphaeldelio/.m2/repository/io/github/springwolf/springwolf-core/0.14.0/springwolf-core-0.14.0.jar:/Users/raphaeldelio/.m2/repository/io/swagger/swagger-inflector/2.0.9/swagger-inflector-2.0.9.jar:/Users/raphaeldelio/.m2/repository/io/swagger/parser/v3/swagger-parser/2.1.12/swagger-parser-2.1.12.jar:/Users/raphaeldelio/.m2/repository/io/swagger/parser/v3/swagger-parser-v2-converter/2.1.12/swagger-parser-v2-converter-2.1.12.jar:/Users/raphaeldelio/.m2/repository/io/swagger/swagger-core/1.6.9/swagger-core-1.6.9.jar:/Users/raphaeldelio/.m2/repository/io/swagger/swagger-models/1.6.9/swagger-models-1.6.9.jar:/Users/raphaeldelio/.m2/repository/io/swagger/swagger-annotations/1.6.9/swagger-annotations-1.6.9.jar:/Users/raphaeldelio/.m2/repository/io/swagger/swagger-parser/1.0.64/swagger-parser-1.0.64.jar:/Users/raphaeldelio/.m2/repository/io/swagger/swagger-compat-spec-parser/1.0.64/swagger-compat-spec-parser-1.0.64.jar:/Users/raphaeldelio/.m2/repository/com/github/java-json-tools/json-patch/1.13/json-patch-1.13.jar:/Users/raphaeldelio/.m2/repository/org/apache/httpcomponents/httpclient/4.5.13/httpclient-4.5.13.jar:/Users/raphaeldelio/.m2/repository/org/apache/httpcomponents/httpcore/4.4.16/httpcore-4.4.16.jar:/Users/raphaeldelio/.m2/repository/commons-logging/commons-logging/1.2/commons-logging-1.2.jar:/Users/raphaeldelio/.m2/repository/commons-codec/commons-codec/1.15/commons-codec-1.15.jar:/Users/raphaeldelio/.m2/repository/io/swagger/parser/v3/swagger-parser-core/2.1.12/swagger-parser-core-2.1.12.jar:/Users/raphaeldelio/.m2/repository/io/swagger/parser/v3/swagger-parser-v3/2.1.12/swagger-parser-v3-2.1.12.jar:/Users/raphaeldelio/.m2/repository/org/glassfish/jersey/inject/jersey-hk2/3.1.3/jersey-hk2-3.1.3.jar:/Users/raphaeldelio/.m2/repository/org/glassfish/jersey/core/jersey-common/3.1.3/jersey-common-3.1.3.jar:/Users/raphaeldelio/.m2/repository/org/glassfish/hk2/osgi-resource-locator/1.0.3/osgi-resource-locator-1.0.3.jar:/Users/raphaeldelio/.m2/repository/org/glassfish/hk2/hk2-locator/3.0.4/hk2-locator-3.0.4.jar:/Users/raphaeldelio/.m2/repository/org/glassfish/hk2/external/aopalliance-repackaged/3.0.4/aopalliance-repackaged-3.0.4.jar:/Users/raphaeldelio/.m2/repository/org/glassfish/hk2/hk2-api/3.0.4/hk2-api-3.0.4.jar:/Users/raphaeldelio/.m2/repository/org/glassfish/hk2/hk2-utils/3.0.4/hk2-utils-3.0.4.jar:/Users/raphaeldelio/.m2/repository/org/javassist/javassist/3.29.2-GA/javassist-3.29.2-GA.jar:/Users/raphaeldelio/.m2/repository/org/glassfish/jersey/core/jersey-server/3.1.3/jersey-server-3.1.3.jar:/Users/raphaeldelio/.m2/repository/jakarta/ws/rs/jakarta.ws.rs-api/3.1.0/jakarta.ws.rs-api-3.1.0.jar:/Users/raphaeldelio/.m2/repository/jakarta/inject/jakarta.inject-api/2.0.1/jakarta.inject-api-2.0.1.jar:/Users/raphaeldelio/.m2/repository/org/glassfish/jersey/containers/jersey-container-servlet-core/3.1.3/jersey-container-servlet-core-3.1.3.jar:/Users/raphaeldelio/.m2/repository/org/glassfish/jersey/media/jersey-media-multipart/3.1.3/jersey-media-multipart-3.1.3.jar:/Users/raphaeldelio/.m2/repository/org/jvnet/mimepull/mimepull/1.9.15/mimepull-1.9.15.jar:/Users/raphaeldelio/.m2/repository/org/glassfish/jersey/core/jersey-client/3.1.3/jersey-client-3.1.3.jar:/Users/raphaeldelio/.m2/repository/org/slf4j/slf4j-ext/2.0.9/slf4j-ext-2.0.9.jar:/Users/raphaeldelio/.m2/repository/org/apache/commons/commons-csv/1.10.0/commons-csv-1.10.0.jar:/Users/raphaeldelio/.m2/repository/commons-io/commons-io/2.11.0/commons-io-2.11.0.jar:/Users/raphaeldelio/.m2/repository/com/fasterxml/jackson/jaxrs/jackson-jaxrs-json-provider/2.15.2/jackson-jaxrs-json-provider-2.15.2.jar:/Users/raphaeldelio/.m2/repository/com/fasterxml/jackson/jaxrs/jackson-jaxrs-base/2.15.2/jackson-jaxrs-base-2.15.2.jar:/Users/raphaeldelio/.m2/repository/com/fasterxml/jackson/module/jackson-module-jaxb-annotations/2.15.2/jackson-module-jaxb-annotations-2.15.2.jar:/Users/raphaeldelio/.m2/repository/com/fasterxml/jackson/jaxrs/jackson-jaxrs-yaml-provider/2.15.2/jackson-jaxrs-yaml-provider-2.15.2.jar:/Users/raphaeldelio/.m2/repository/com/fasterxml/jackson/datatype/jackson-datatype-joda/2.15.2/jackson-datatype-joda-2.15.2.jar:/Users/raphaeldelio/.m2/repository/joda-time/joda-time/2.10.14/joda-time-2.10.14.jar:/Users/raphaeldelio/.m2/repository/com/fasterxml/jackson/jaxrs/jackson-jaxrs-xml-provider/2.15.2/jackson-jaxrs-xml-provider-2.15.2.jar:/Users/raphaeldelio/.m2/repository/com/fasterxml/jackson/dataformat/jackson-dataformat-xml/2.15.2/jackson-dataformat-xml-2.15.2.jar:/Users/raphaeldelio/.m2/repository/org/codehaus/woodstox/stax2-api/4.2.1/stax2-api-4.2.1.jar:/Users/raphaeldelio/.m2/repository/com/fasterxml/woodstox/woodstox-core/6.5.1/woodstox-core-6.5.1.jar:/Users/raphaeldelio/.m2/repository/com/github/java-json-tools/json-schema-validator/2.2.14/json-schema-validator-2.2.14.jar:/Users/raphaeldelio/.m2/repository/com/github/java-json-tools/jackson-coreutils-equivalence/1.0/jackson-coreutils-equivalence-1.0.jar:/Users/raphaeldelio/.m2/repository/com/github/java-json-tools/jackson-coreutils/2.0/jackson-coreutils-2.0.jar:/Users/raphaeldelio/.m2/repository/com/github/java-json-tools/msg-simple/1.2/msg-simple-1.2.jar:/Users/raphaeldelio/.m2/repository/com/github/java-json-tools/btf/1.3/btf-1.3.jar:/Users/raphaeldelio/.m2/repository/com/github/java-json-tools/json-schema-core/1.2.14/json-schema-core-1.2.14.jar:/Users/raphaeldelio/.m2/repository/com/github/java-json-tools/uri-template/0.10/uri-template-0.10.jar:/Users/raphaeldelio/.m2/repository/org/mozilla/rhino/1.7.7.2/rhino-1.7.7.2.jar:/Users/raphaeldelio/.m2/repository/com/sun/mail/mailapi/1.6.2/mailapi-1.6.2.jar:/Users/raphaeldelio/.m2/repository/com/googlecode/libphonenumber/libphonenumber/8.11.1/libphonenumber-8.11.1.jar:/Users/raphaeldelio/.m2/repository/commons-fileupload/commons-fileupload/1.4/commons-fileupload-1.4.jar:/Users/raphaeldelio/.m2/repository/io/swagger/core/v3/swagger-annotations-jakarta/2.2.15/swagger-annotations-jakarta-2.2.15.jar:/Users/raphaeldelio/.m2/repository/io/swagger/core/v3/swagger-core-jakarta/2.2.15/swagger-core-jakarta-2.2.15.jar:/Users/raphaeldelio/.m2/repository/io/swagger/core/v3/swagger-models-jakarta/2.2.15/swagger-models-jakarta-2.2.15.jar:/Users/raphaeldelio/.m2/repository/com/asyncapi/asyncapi-core/1.0.0-EAP-2/asyncapi-core-1.0.0-EAP-2.jar:/Users/raphaeldelio/.m2/repository/io/swagger/core/v3/swagger-models/2.2.15/swagger-models-2.2.15.jar:/Users/raphaeldelio/.m2/repository/org/springframework/spring-beans/6.0.12/spring-beans-6.0.12.jar:/Users/raphaeldelio/.m2/repository/io/github/springwolf/springwolf-ui/0.14.0/springwolf-ui-0.14.0.jar:/Users/raphaeldelio/.m2/repository/io/swagger/core/v3/swagger-core/2.2.10/swagger-core-2.2.10.jar:/Users/raphaeldelio/.m2/repository/org/apache/commons/commons-lang3/3.12.0/commons-lang3-3.12.0.jar:/Users/raphaeldelio/.m2/repository/com/fasterxml/jackson/core/jackson-annotations/2.15.2/jackson-annotations-2.15.2.jar:/Users/raphaeldelio/.m2/repository/com/fasterxml/jackson/dataformat/jackson-dataformat-yaml/2.15.2/jackson-dataformat-yaml-2.15.2.jar:/Users/raphaeldelio/.m2/repository/com/fasterxml/jackson/datatype/jackson-datatype-jsr310/2.15.2/jackson-datatype-jsr310-2.15.2.jar:/Users/raphaeldelio/.m2/repository/io/swagger/core/v3/swagger-annotations/2.2.10/swagger-annotations-2.2.10.jar:/Users/raphaeldelio/.m2/repository/jakarta/validation/jakarta.validation-api/3.0.2/jakarta.validation-api-3.0.2.jar:"/>
    <property name="sun.cpu.endian" value="little"/>
    <property name="user.home" value="/Users/raphaeldelio"/>
    <property name="user.language" value="en"/>
    <property name="java.specification.vendor" value="Oracle Corporation"/>
    <property name="java.version.date" value="2022-10-18"/>
    <property name="java.home" value="/Library/Java/JavaVirtualMachines/jdk-17.0.5.jdk/Contents/Home"/>
    <property name="file.separator" value="/"/>
    <property name="basedir" value="/Users/raphaeldelio/Documents/GitHub/demo-springwolf/demo-springwolf"/>
    <property name="java.vm.compressedOopsMode" value="Zero based"/>
    <property name="line.separator" value="&#10;"/>
    <property name="java.vm.specification.vendor" value="Oracle Corporation"/>
    <property name="java.specification.name" value="Java Platform API Specification"/>
    <property name="FILE_LOG_CHARSET" value="UTF-8"/>
    <property name="java.awt.headless" value="true"/>
    <property name="surefire.real.class.path" value="/Users/raphaeldelio/Documents/GitHub/demo-springwolf/demo-springwolf/target/surefire/surefirebooter-20231029224704707_3.jar"/>
    <property name="sun.management.compiler" value="HotSpot 64-Bit Tiered Compilers"/>
    <property name="ftp.nonProxyHosts" value="local|*.local|169.254/16|*.169.254/16"/>
    <property name="java.runtime.version" value="17.0.5+9-LTS-191"/>
    <property name="user.name" value="raphaeldelio"/>
    <property name="path.separator" value=":"/>
    <property name="os.version" value="14.0"/>
    <property name="java.runtime.name" value="Java(TM) SE Runtime Environment"/>
    <property name="file.encoding" value="UTF-8"/>
    <property name="java.vm.name" value="Java HotSpot(TM) 64-Bit Server VM"/>
    <property name="localRepository" value="/Users/raphaeldelio/.m2/repository"/>
    <property name="java.vendor.url.bug" value="https://bugreport.java.com/bugreport/"/>
    <property name="java.io.tmpdir" value="/var/folders/k_/c0tlnb4x66ggbgbcynt8k25m0000gp/T/"/>
    <property name="idea.version" value="2023.1.1"/>
    <property name="java.version" value="17.0.5"/>
    <property name="user.dir" value="/Users/raphaeldelio/Documents/GitHub/demo-springwolf/demo-springwolf"/>
    <property name="os.arch" value="aarch64"/>
    <property name="java.vm.specification.name" value="Java Virtual Machine Specification"/>
    <property name="PID" value="33404"/>
    <property name="CONSOLE_LOG_CHARSET" value="UTF-8"/>
    <property name="native.encoding" value="UTF-8"/>
    <property name="java.library.path" value="/Users/raphaeldelio/Library/Java/Extensions:/Library/Java/Extensions:/Network/Library/Java/Extensions:/System/Library/Java/Extensions:/usr/lib/java:."/>
    <property name="java.vm.info" value="mixed mode, sharing"/>
    <property name="java.vendor" value="Oracle Corporation"/>
    <property name="java.vm.version" value="17.0.5+9-LTS-191"/>
    <property name="sun.io.unicode.encoding" value="UnicodeBig"/>
    <property name="socksNonProxyHosts" value="local|*.local|169.254/16|*.169.254/16"/>
    <property name="java.class.version" value="61.0"/>
  </properties>
  <testcase name="contextLoads" classname="demo.springwolf.DemoSpringwolfApplicationTests" time="0.409">
    <system-out><![CDATA[22:47:05.124 [main] &amp#27;[34mINFO &amp#27;[0;39m &amp#27;[36mo.s.t.c.s.AnnotationConfigContextLoaderUtils&amp#27;[0;39m - Could not detect default configuration classes for test class [demo.springwolf.DemoSpringwolfApplicationTests]: DemoSpringwolfApplicationTests does not declare any static, non-private, non-final, nested classes annotated with @Configuration.
22:47:05.172 [main] &amp#27;[34mINFO &amp#27;[0;39m &amp#27;[36mo.s.b.t.c.SpringBootTestContextBootstrapper&amp#27;[0;39m - Found @SpringBootConfiguration demo.springwolf.DemoSpringwolfApplication for test class demo.springwolf.DemoSpringwolfApplicationTests

  .   ____          _            __ _ _
 /\\ / ___'_ __ _ _(_)_ __  __ _ \ \ \ \
( ( )\___ | '_ | '_| | '_ \/ _` | \ \ \ \
 \\/  ___)| |_)| | | | | || (_| |  ) ) ) )
  '  |____| .__|_| |_|_| |_\__, | / / / /
 =========|_|==============|___/=/_/_/_/
 :: Spring Boot ::                (v3.1.4)

22:47:05.342 [main] &amp#27;[34mINFO &amp#27;[0;39m &amp#27;[36md.s.DemoSpringwolfApplicationTests&amp#27;[0;39m - Starting DemoSpringwolfApplicationTests using Java 17.0.5 with PID 33404 (started by raphaeldelio in /Users/raphaeldelio/Documents/GitHub/demo-springwolf/demo-springwolf)
22:47:05.342 [main] &amp#27;[39mDEBUG&amp#27;[0;39m &amp#27;[36md.s.DemoSpringwolfApplicationTests&amp#27;[0;39m - Running with Spring Boot v3.1.4, Spring v6.0.12
22:47:05.343 [main] &amp#27;[34mINFO &amp#27;[0;39m &amp#27;[36md.s.DemoSpringwolfApplicationTests&amp#27;[0;39m - No active profile set, falling back to 1 default profile: "default"
22:47:06.409 [main] &amp#27;[39mDEBUG&amp#27;[0;39m &amp#27;[36m_.s.w.s.H.Mappings&amp#27;[0;39m - 
	i.g.s.s.a.SpringwolfKafkaController:
	{POST [/springwolf/kafka/publish]}: publish(String,MessageDto)
22:47:06.411 [main] &amp#27;[39mDEBUG&amp#27;[0;39m &amp#27;[36m_.s.w.s.H.Mappings&amp#27;[0;39m - 
	i.g.s.s.a.c.AsyncApiController:
	{GET [/springwolf/docs.json || /springwolf/docs], produces [application/json]}: asyncApiJson()
	{GET [/springwolf/docs.yaml], produces [application/yaml]}: asyncApiYaml()
22:47:06.411 [main] &amp#27;[39mDEBUG&amp#27;[0;39m &amp#27;[36m_.s.w.s.H.Mappings&amp#27;[0;39m - 
	o.s.b.a.w.s.e.BasicErrorController:
	{ [/error]}: error(HttpServletRequest)
	{ [/error], produces [text/html]}: errorHtml(HttpServletRequest,HttpServletResponse)
22:47:06.417 [main] &amp#27;[39mDEBUG&amp#27;[0;39m &amp#27;[36m_.s.w.s.H.Mappings&amp#27;[0;39m - 'beanNameHandlerMapping' {}
22:47:06.425 [main] &amp#27;[39mDEBUG&amp#27;[0;39m &amp#27;[36m_.s.w.s.H.Mappings&amp#27;[0;39m - 'resourceHandlerMapping' {/webjars/**=ResourceHttpRequestHandler [classpath [META-INF/resources/webjars/]], /**=ResourceHttpRequestHandler [classpath [META-INF/resources/], classpath [resources/], classpath [static/], classpath [public/], ServletContext [/]]}
22:47:06.526 [main] &amp#27;[34mINFO &amp#27;[0;39m &amp#27;[36mo.s.b.a.e.w.EndpointLinksResolver&amp#27;[0;39m - Exposing 1 endpoint(s) beneath base path '/actuator'
22:47:06.591 [main] &amp#27;[34mINFO &amp#27;[0;39m &amp#27;[36mo.a.k.c.c.ConsumerConfig&amp#27;[0;39m - ConsumerConfig values: 
	allow.auto.create.topics = true
	auto.commit.interval.ms = 5000
	auto.include.jmx.reporter = true
	auto.offset.reset = latest
	bootstrap.servers = [localhost:29092]
	check.crcs = true
	client.dns.lookup = use_all_dns_ips
	client.id = consumer-example-group-id-1
	client.rack = 
	connections.max.idle.ms = 540000
	default.api.timeout.ms = 60000
	enable.auto.commit = false
	exclude.internal.topics = true
	fetch.max.bytes = 52428800
	fetch.max.wait.ms = 500
	fetch.min.bytes = 1
	group.id = example-group-id
	group.instance.id = null
	heartbeat.interval.ms = 3000
	interceptor.classes = []
	internal.leave.group.on.close = true
	internal.throw.on.fetch.stable.offset.unsupported = false
	isolation.level = read_uncommitted
	key.deserializer = class org.apache.kafka.common.serialization.StringDeserializer
	max.partition.fetch.bytes = 1048576
	max.poll.interval.ms = 300000
	max.poll.records = 500
	metadata.max.age.ms = 300000
	metric.reporters = []
	metrics.num.samples = 2
	metrics.recording.level = INFO
	metrics.sample.window.ms = 30000
	partition.assignment.strategy = [class org.apache.kafka.clients.consumer.RangeAssignor, class org.apache.kafka.clients.consumer.CooperativeStickyAssignor]
	receive.buffer.bytes = 65536
	reconnect.backoff.max.ms = 1000
	reconnect.backoff.ms = 50
	request.timeout.ms = 30000
	retry.backoff.ms = 100
	sasl.client.callback.handler.class = null
	sasl.jaas.config = [hidden]
	sasl.kerberos.kinit.cmd = /usr/bin/kinit
	sasl.kerberos.min.time.before.relogin = 60000
	sasl.kerberos.service.name = null
	sasl.kerberos.ticket.renew.jitter = 0.05
	sasl.kerberos.ticket.renew.window.factor = 0.8
	sasl.login.callback.handler.class = null
	sasl.login.class = null
	sasl.login.connect.timeout.ms = null
	sasl.login.read.timeout.ms = null
	sasl.login.refresh.buffer.seconds = 300
	sasl.login.refresh.min.period.seconds = 60
	sasl.login.refresh.window.factor = 0.8
	sasl.login.refresh.window.jitter = 0.05
	sasl.login.retry.backoff.max.ms = 10000
	sasl.login.retry.backoff.ms = 100
	sasl.mechanism = PLAIN
	sasl.oauthbearer.clock.skew.seconds = 30
	sasl.oauthbearer.expected.audience = null
	sasl.oauthbearer.expected.issuer = null
	sasl.oauthbearer.jwks.endpoint.refresh.ms = 3600000
	sasl.oauthbearer.jwks.endpoint.retry.backoff.max.ms = 10000
	sasl.oauthbearer.jwks.endpoint.retry.backoff.ms = 100
	sasl.oauthbearer.jwks.endpoint.url = null
	sasl.oauthbearer.scope.claim.name = scope
	sasl.oauthbearer.sub.claim.name = sub
	sasl.oauthbearer.token.endpoint.url = null
	security.protocol = PLAINTEXT
	security.providers = null
	send.buffer.bytes = 131072
	session.timeout.ms = 45000
	socket.connection.setup.timeout.max.ms = 30000
	socket.connection.setup.timeout.ms = 10000
	ssl.cipher.suites = null
	ssl.enabled.protocols = [TLSv1.2, TLSv1.3]
	ssl.endpoint.identification.algorithm = https
	ssl.engine.factory.class = null
	ssl.key.password = null
	ssl.keymanager.algorithm = SunX509
	ssl.keystore.certificate.chain = null
	ssl.keystore.key = null
	ssl.keystore.location = null
	ssl.keystore.password = null
	ssl.keystore.type = JKS
	ssl.protocol = TLSv1.3
	ssl.provider = null
	ssl.secure.random.implementation = null
	ssl.trustmanager.algorithm = PKIX
	ssl.truststore.certificates = null
	ssl.truststore.location = null
	ssl.truststore.password = null
	ssl.truststore.type = JKS
	value.deserializer = class io.confluent.kafka.serializers.KafkaAvroDeserializer

22:47:06.629 [main] &amp#27;[34mINFO &amp#27;[0;39m &amp#27;[36mi.c.k.s.KafkaAvroDeserializerConfig&amp#27;[0;39m - KafkaAvroDeserializerConfig values: 
	auto.register.schemas = true
	avro.reflection.allow.null = false
	avro.use.logical.type.converters = false
	basic.auth.credentials.source = URL
	basic.auth.user.info = [hidden]
	bearer.auth.cache.expiry.buffer.seconds = 300
	bearer.auth.client.id = null
	bearer.auth.client.secret = null
	bearer.auth.credentials.source = STATIC_TOKEN
	bearer.auth.custom.provider.class = null
	bearer.auth.identity.pool.id = null
	bearer.auth.issuer.endpoint.url = null
	bearer.auth.logical.cluster = null
	bearer.auth.scope = null
	bearer.auth.scope.claim.name = scope
	bearer.auth.sub.claim.name = sub
	bearer.auth.token = [hidden]
	context.name.strategy = class io.confluent.kafka.serializers.context.NullContextNameStrategy
	http.connect.timeout.ms = 60000
	http.read.timeout.ms = 60000
	id.compatibility.strict = true
	key.subject.name.strategy = class io.confluent.kafka.serializers.subject.TopicNameStrategy
	latest.cache.size = 1000
	latest.cache.ttl.sec = -1
	latest.compatibility.strict = true
	max.schemas.per.subject = 1000
	normalize.schemas = false
	proxy.host = 
	proxy.port = -1
	rule.actions = []
	rule.executors = []
	rule.service.loader.enable = true
	schema.format = null
	schema.reflection = false
	schema.registry.basic.auth.user.info = [hidden]
	schema.registry.ssl.cipher.suites = null
	schema.registry.ssl.enabled.protocols = [TLSv1.2, TLSv1.3]
	schema.registry.ssl.endpoint.identification.algorithm = https
	schema.registry.ssl.engine.factory.class = null
	schema.registry.ssl.key.password = null
	schema.registry.ssl.keymanager.algorithm = SunX509
	schema.registry.ssl.keystore.certificate.chain = null
	schema.registry.ssl.keystore.key = null
	schema.registry.ssl.keystore.location = null
	schema.registry.ssl.keystore.password = null
	schema.registry.ssl.keystore.type = JKS
	schema.registry.ssl.protocol = TLSv1.3
	schema.registry.ssl.provider = null
	schema.registry.ssl.secure.random.implementation = null
	schema.registry.ssl.trustmanager.algorithm = PKIX
	schema.registry.ssl.truststore.certificates = null
	schema.registry.ssl.truststore.location = null
	schema.registry.ssl.truststore.password = null
	schema.registry.ssl.truststore.type = JKS
	schema.registry.url = [http://localhost:8081]
	specific.avro.key.type = null
	specific.avro.reader = true
	specific.avro.value.type = null
	use.latest.version = false
	use.latest.with.metadata = null
	use.schema.id = -1
	value.subject.name.strategy = class io.confluent.kafka.serializers.subject.TopicNameStrategy

22:47:06.732 [main] &amp#27;[31mWARN &amp#27;[0;39m &amp#27;[36mo.a.k.c.c.ConsumerConfig&amp#27;[0;39m - These configurations '[spring.json.trusted.packages, sasl.jaas.config]' were supplied but are not used yet.
22:47:06.733 [main] &amp#27;[34mINFO &amp#27;[0;39m &amp#27;[36mo.a.k.c.u.AppInfoParser&amp#27;[0;39m - Kafka version: 3.4.1
22:47:06.734 [main] &amp#27;[34mINFO &amp#27;[0;39m &amp#27;[36mo.a.k.c.u.AppInfoParser&amp#27;[0;39m - Kafka commitId: 8a516edc2755df89
22:47:06.734 [main] &amp#27;[34mINFO &amp#27;[0;39m &amp#27;[36mo.a.k.c.u.AppInfoParser&amp#27;[0;39m - Kafka startTimeMs: 1698616026733
22:47:06.755 [main] &amp#27;[34mINFO &amp#27;[0;39m &amp#27;[36mo.a.k.c.c.KafkaConsumer&amp#27;[0;39m - [Consumer clientId=consumer-example-group-id-1, groupId=example-group-id] Subscribed to topic(s): example-topic
22:47:06.760 [main] &amp#27;[34mINFO &amp#27;[0;39m &amp#27;[36mo.a.k.c.c.ConsumerConfig&amp#27;[0;39m - ConsumerConfig values: 
	allow.auto.create.topics = true
	auto.commit.interval.ms = 5000
	auto.include.jmx.reporter = true
	auto.offset.reset = latest
	bootstrap.servers = [localhost:29092]
	check.crcs = true
	client.dns.lookup = use_all_dns_ips
	client.id = consumer-example-group-id-2
	client.rack = 
	connections.max.idle.ms = 540000
	default.api.timeout.ms = 60000
	enable.auto.commit = false
	exclude.internal.topics = true
	fetch.max.bytes = 52428800
	fetch.max.wait.ms = 500
	fetch.min.bytes = 1
	group.id = example-group-id
	group.instance.id = null
	heartbeat.interval.ms = 3000
	interceptor.classes = []
	internal.leave.group.on.close = true
	internal.throw.on.fetch.stable.offset.unsupported = false
	isolation.level = read_uncommitted
	key.deserializer = class org.apache.kafka.common.serialization.StringDeserializer
	max.partition.fetch.bytes = 1048576
	max.poll.interval.ms = 300000
	max.poll.records = 500
	metadata.max.age.ms = 300000
	metric.reporters = []
	metrics.num.samples = 2
	metrics.recording.level = INFO
	metrics.sample.window.ms = 30000
	partition.assignment.strategy = [class org.apache.kafka.clients.consumer.RangeAssignor, class org.apache.kafka.clients.consumer.CooperativeStickyAssignor]
	receive.buffer.bytes = 65536
	reconnect.backoff.max.ms = 1000
	reconnect.backoff.ms = 50
	request.timeout.ms = 30000
	retry.backoff.ms = 100
	sasl.client.callback.handler.class = null
	sasl.jaas.config = [hidden]
	sasl.kerberos.kinit.cmd = /usr/bin/kinit
	sasl.kerberos.min.time.before.relogin = 60000
	sasl.kerberos.service.name = null
	sasl.kerberos.ticket.renew.jitter = 0.05
	sasl.kerberos.ticket.renew.window.factor = 0.8
	sasl.login.callback.handler.class = null
	sasl.login.class = null
	sasl.login.connect.timeout.ms = null
	sasl.login.read.timeout.ms = null
	sasl.login.refresh.buffer.seconds = 300
	sasl.login.refresh.min.period.seconds = 60
	sasl.login.refresh.window.factor = 0.8
	sasl.login.refresh.window.jitter = 0.05
	sasl.login.retry.backoff.max.ms = 10000
	sasl.login.retry.backoff.ms = 100
	sasl.mechanism = PLAIN
	sasl.oauthbearer.clock.skew.seconds = 30
	sasl.oauthbearer.expected.audience = null
	sasl.oauthbearer.expected.issuer = null
	sasl.oauthbearer.jwks.endpoint.refresh.ms = 3600000
	sasl.oauthbearer.jwks.endpoint.retry.backoff.max.ms = 10000
	sasl.oauthbearer.jwks.endpoint.retry.backoff.ms = 100
	sasl.oauthbearer.jwks.endpoint.url = null
	sasl.oauthbearer.scope.claim.name = scope
	sasl.oauthbearer.sub.claim.name = sub
	sasl.oauthbearer.token.endpoint.url = null
	security.protocol = PLAINTEXT
	security.providers = null
	send.buffer.bytes = 131072
	session.timeout.ms = 45000
	socket.connection.setup.timeout.max.ms = 30000
	socket.connection.setup.timeout.ms = 10000
	ssl.cipher.suites = null
	ssl.enabled.protocols = [TLSv1.2, TLSv1.3]
	ssl.endpoint.identification.algorithm = https
	ssl.engine.factory.class = null
	ssl.key.password = null
	ssl.keymanager.algorithm = SunX509
	ssl.keystore.certificate.chain = null
	ssl.keystore.key = null
	ssl.keystore.location = null
	ssl.keystore.password = null
	ssl.keystore.type = JKS
	ssl.protocol = TLSv1.3
	ssl.provider = null
	ssl.secure.random.implementation = null
	ssl.trustmanager.algorithm = PKIX
	ssl.truststore.certificates = null
	ssl.truststore.location = null
	ssl.truststore.password = null
	ssl.truststore.type = JKS
	value.deserializer = class io.confluent.kafka.serializers.KafkaAvroDeserializer

22:47:06.761 [main] &amp#27;[34mINFO &amp#27;[0;39m &amp#27;[36mi.c.k.s.KafkaAvroDeserializerConfig&amp#27;[0;39m - KafkaAvroDeserializerConfig values: 
	auto.register.schemas = true
	avro.reflection.allow.null = false
	avro.use.logical.type.converters = false
	basic.auth.credentials.source = URL
	basic.auth.user.info = [hidden]
	bearer.auth.cache.expiry.buffer.seconds = 300
	bearer.auth.client.id = null
	bearer.auth.client.secret = null
	bearer.auth.credentials.source = STATIC_TOKEN
	bearer.auth.custom.provider.class = null
	bearer.auth.identity.pool.id = null
	bearer.auth.issuer.endpoint.url = null
	bearer.auth.logical.cluster = null
	bearer.auth.scope = null
	bearer.auth.scope.claim.name = scope
	bearer.auth.sub.claim.name = sub
	bearer.auth.token = [hidden]
	context.name.strategy = class io.confluent.kafka.serializers.context.NullContextNameStrategy
	http.connect.timeout.ms = 60000
	http.read.timeout.ms = 60000
	id.compatibility.strict = true
	key.subject.name.strategy = class io.confluent.kafka.serializers.subject.TopicNameStrategy
	latest.cache.size = 1000
	latest.cache.ttl.sec = -1
	latest.compatibility.strict = true
	max.schemas.per.subject = 1000
	normalize.schemas = false
	proxy.host = 
	proxy.port = -1
	rule.actions = []
	rule.executors = []
	rule.service.loader.enable = true
	schema.format = null
	schema.reflection = false
	schema.registry.basic.auth.user.info = [hidden]
	schema.registry.ssl.cipher.suites = null
	schema.registry.ssl.enabled.protocols = [TLSv1.2, TLSv1.3]
	schema.registry.ssl.endpoint.identification.algorithm = https
	schema.registry.ssl.engine.factory.class = null
	schema.registry.ssl.key.password = null
	schema.registry.ssl.keymanager.algorithm = SunX509
	schema.registry.ssl.keystore.certificate.chain = null
	schema.registry.ssl.keystore.key = null
	schema.registry.ssl.keystore.location = null
	schema.registry.ssl.keystore.password = null
	schema.registry.ssl.keystore.type = JKS
	schema.registry.ssl.protocol = TLSv1.3
	schema.registry.ssl.provider = null
	schema.registry.ssl.secure.random.implementation = null
	schema.registry.ssl.trustmanager.algorithm = PKIX
	schema.registry.ssl.truststore.certificates = null
	schema.registry.ssl.truststore.location = null
	schema.registry.ssl.truststore.password = null
	schema.registry.ssl.truststore.type = JKS
	schema.registry.url = [http://localhost:8081]
	specific.avro.key.type = null
	specific.avro.reader = true
	specific.avro.value.type = null
	use.latest.version = false
	use.latest.with.metadata = null
	use.schema.id = -1
	value.subject.name.strategy = class io.confluent.kafka.serializers.subject.TopicNameStrategy

22:47:06.764 [main] &amp#27;[31mWARN &amp#27;[0;39m &amp#27;[36mo.a.k.c.c.ConsumerConfig&amp#27;[0;39m - These configurations '[spring.json.trusted.packages, sasl.jaas.config]' were supplied but are not used yet.
22:47:06.764 [main] &amp#27;[34mINFO &amp#27;[0;39m &amp#27;[36mo.a.k.c.u.AppInfoParser&amp#27;[0;39m - Kafka version: 3.4.1
22:47:06.764 [main] &amp#27;[34mINFO &amp#27;[0;39m &amp#27;[36mo.a.k.c.u.AppInfoParser&amp#27;[0;39m - Kafka commitId: 8a516edc2755df89
22:47:06.764 [main] &amp#27;[34mINFO &amp#27;[0;39m &amp#27;[36mo.a.k.c.u.AppInfoParser&amp#27;[0;39m - Kafka startTimeMs: 1698616026764
22:47:06.768 [main] &amp#27;[34mINFO &amp#27;[0;39m &amp#27;[36mo.a.k.c.c.KafkaConsumer&amp#27;[0;39m - [Consumer clientId=consumer-example-group-id-2, groupId=example-group-id] Subscribed to topic(s): another-topic
22:47:06.779 [main] &amp#27;[34mINFO &amp#27;[0;39m &amp#27;[36md.s.DemoSpringwolfApplicationTests&amp#27;[0;39m - Started DemoSpringwolfApplicationTests in 1.542 seconds (process running for 2.022)
22:47:06.913 [org.springframework.kafka.KafkaListenerEndpointContainer#0-0-C-1] &amp#27;[34mINFO &amp#27;[0;39m &amp#27;[36mo.a.k.c.Metadata&amp#27;[0;39m - [Consumer clientId=consumer-example-group-id-1, groupId=example-group-id] Resetting the last seen epoch of partition example-topic-0 to 0 since the associated topicId changed from null to A9cKoBnASBO1hXJ_OOpofA
22:47:06.913 [org.springframework.kafka.KafkaListenerEndpointContainer#1-0-C-1] &amp#27;[34mINFO &amp#27;[0;39m &amp#27;[36mo.a.k.c.Metadata&amp#27;[0;39m - [Consumer clientId=consumer-example-group-id-2, groupId=example-group-id] Resetting the last seen epoch of partition another-topic-0 to 0 since the associated topicId changed from null to cP7_CPy6TzeD_OcYuT2w-g
22:47:06.914 [org.springframework.kafka.KafkaListenerEndpointContainer#0-0-C-1] &amp#27;[34mINFO &amp#27;[0;39m &amp#27;[36mo.a.k.c.Metadata&amp#27;[0;39m - [Consumer clientId=consumer-example-group-id-1, groupId=example-group-id] Cluster ID: GZksHC0AQMqBhuqbONZZhQ
22:47:06.914 [org.springframework.kafka.KafkaListenerEndpointContainer#1-0-C-1] &amp#27;[34mINFO &amp#27;[0;39m &amp#27;[36mo.a.k.c.Metadata&amp#27;[0;39m - [Consumer clientId=consumer-example-group-id-2, groupId=example-group-id] Cluster ID: GZksHC0AQMqBhuqbONZZhQ
22:47:06.915 [org.springframework.kafka.KafkaListenerEndpointContainer#0-0-C-1] &amp#27;[34mINFO &amp#27;[0;39m &amp#27;[36mo.a.k.c.c.i.ConsumerCoordinator&amp#27;[0;39m - [Consumer clientId=consumer-example-group-id-1, groupId=example-group-id] Discovered group coordinator host.docker.internal:29092 (id: 2147483646 rack: null)
22:47:06.915 [org.springframework.kafka.KafkaListenerEndpointContainer#1-0-C-1] &amp#27;[34mINFO &amp#27;[0;39m &amp#27;[36mo.a.k.c.c.i.ConsumerCoordinator&amp#27;[0;39m - [Consumer clientId=consumer-example-group-id-2, groupId=example-group-id] Discovered group coordinator host.docker.internal:29092 (id: 2147483646 rack: null)
22:47:06.917 [org.springframework.kafka.KafkaListenerEndpointContainer#1-0-C-1] &amp#27;[31mWARN &amp#27;[0;39m &amp#27;[36mo.a.k.c.NetworkClient&amp#27;[0;39m - [Consumer clientId=consumer-example-group-id-2, groupId=example-group-id] Error connecting to node host.docker.internal:29092 (id: 2147483646 rack: null)
java.net.UnknownHostException: host.docker.internal
	at java.base/java.net.InetAddress$CachedAddresses.get(InetAddress.java:801)
	at java.base/java.net.InetAddress$NameServiceAddresses.get(InetAddress.java:887)
	at java.base/java.net.InetAddress.getAllByName0(InetAddress.java:1519)
	at java.base/java.net.InetAddress.getAllByName(InetAddress.java:1377)
	at java.base/java.net.InetAddress.getAllByName(InetAddress.java:1305)
	at org.apache.kafka.clients.DefaultHostResolver.resolve(DefaultHostResolver.java:27)
	at org.apache.kafka.clients.ClientUtils.resolve(ClientUtils.java:110)
	at org.apache.kafka.clients.ClusterConnectionStates$NodeConnectionState.currentAddress(ClusterConnectionStates.java:510)
	at org.apache.kafka.clients.ClusterConnectionStates$NodeConnectionState.access$200(ClusterConnectionStates.java:467)
	at org.apache.kafka.clients.ClusterConnectionStates.currentAddress(ClusterConnectionStates.java:173)
	at org.apache.kafka.clients.NetworkClient.initiateConnect(NetworkClient.java:990)
	at org.apache.kafka.clients.NetworkClient.ready(NetworkClient.java:301)
	at org.apache.kafka.clients.consumer.internals.ConsumerNetworkClient.tryConnect(ConsumerNetworkClient.java:590)
	at org.apache.kafka.clients.consumer.internals.AbstractCoordinator$FindCoordinatorResponseHandler.onSuccess(AbstractCoordinator.java:897)
	at org.apache.kafka.clients.consumer.internals.AbstractCoordinator$FindCoordinatorResponseHandler.onSuccess(AbstractCoordinator.java:873)
	at org.apache.kafka.clients.consumer.internals.RequestFuture$1.onSuccess(RequestFuture.java:206)
	at org.apache.kafka.clients.consumer.internals.RequestFuture.fireSuccess(RequestFuture.java:169)
	at org.apache.kafka.clients.consumer.internals.RequestFuture.complete(RequestFuture.java:129)
	at org.apache.kafka.clients.consumer.internals.ConsumerNetworkClient$RequestFutureCompletionHandler.fireCompletion(ConsumerNetworkClient.java:617)
	at org.apache.kafka.clients.consumer.internals.ConsumerNetworkClient.firePendingCompletedRequests(ConsumerNetworkClient.java:427)
	at org.apache.kafka.clients.consumer.internals.ConsumerNetworkClient.poll(ConsumerNetworkClient.java:312)
	at org.apache.kafka.clients.consumer.internals.ConsumerNetworkClient.poll(ConsumerNetworkClient.java:230)
	at org.apache.kafka.clients.consumer.internals.AbstractCoordinator.ensureCoordinatorReady(AbstractCoordinator.java:265)
	at org.apache.kafka.clients.consumer.internals.AbstractCoordinator.ensureCoordinatorReady(AbstractCoordinator.java:240)
	at org.apache.kafka.clients.consumer.internals.ConsumerCoordinator.coordinatorUnknownAndUnreadySync(ConsumerCoordinator.java:497)
	at org.apache.kafka.clients.consumer.internals.ConsumerCoordinator.poll(ConsumerCoordinator.java:529)
	at org.apache.kafka.clients.consumer.KafkaConsumer.updateAssignmentMetadataIfNeeded(KafkaConsumer.java:1272)
	at org.apache.kafka.clients.consumer.KafkaConsumer.poll(KafkaConsumer.java:1236)
	at org.apache.kafka.clients.consumer.KafkaConsumer.poll(KafkaConsumer.java:1216)
	at java.base/jdk.internal.reflect.NativeMethodAccessorImpl.invoke0(Native Method)
	at java.base/jdk.internal.reflect.NativeMethodAccessorImpl.invoke(NativeMethodAccessorImpl.java:77)
	at java.base/jdk.internal.reflect.DelegatingMethodAccessorImpl.invoke(DelegatingMethodAccessorImpl.java:43)
	at java.base/java.lang.reflect.Method.invoke(Method.java:568)
	at org.springframework.aop.support.AopUtils.invokeJoinpointUsingReflection(AopUtils.java:343)
	at org.springframework.aop.framework.JdkDynamicAopProxy.invoke(JdkDynamicAopProxy.java:237)
	at jdk.proxy2/jdk.proxy2.$Proxy117.poll(Unknown Source)
	at org.springframework.kafka.listener.KafkaMessageListenerContainer$ListenerConsumer.pollConsumer(KafkaMessageListenerContainer.java:1676)
	at org.springframework.kafka.listener.KafkaMessageListenerContainer$ListenerConsumer.doPoll(KafkaMessageListenerContainer.java:1651)
	at org.springframework.kafka.listener.KafkaMessageListenerContainer$ListenerConsumer.pollAndInvoke(KafkaMessageListenerContainer.java:1452)
	at org.springframework.kafka.listener.KafkaMessageListenerContainer$ListenerConsumer.run(KafkaMessageListenerContainer.java:1344)
	at java.base/java.util.concurrent.CompletableFuture$AsyncRun.run(CompletableFuture.java:1804)
	at java.base/java.lang.Thread.run(Thread.java:833)
22:47:06.917 [org.springframework.kafka.KafkaListenerEndpointContainer#0-0-C-1] &amp#27;[31mWARN &amp#27;[0;39m &amp#27;[36mo.a.k.c.NetworkClient&amp#27;[0;39m - [Consumer clientId=consumer-example-group-id-1, groupId=example-group-id] Error connecting to node host.docker.internal:29092 (id: 2147483646 rack: null)
java.net.UnknownHostException: host.docker.internal: nodename nor servname provided, or not known
	at java.base/java.net.Inet6AddressImpl.lookupAllHostAddr(Native Method)
	at java.base/java.net.InetAddress$PlatformNameService.lookupAllHostAddr(InetAddress.java:933)
	at java.base/java.net.InetAddress.getAddressesFromNameService(InetAddress.java:1529)
	at java.base/java.net.InetAddress$NameServiceAddresses.get(InetAddress.java:852)
	at java.base/java.net.InetAddress.getAllByName0(InetAddress.java:1519)
	at java.base/java.net.InetAddress.getAllByName(InetAddress.java:1377)
	at java.base/java.net.InetAddress.getAllByName(InetAddress.java:1305)
	at org.apache.kafka.clients.DefaultHostResolver.resolve(DefaultHostResolver.java:27)
	at org.apache.kafka.clients.ClientUtils.resolve(ClientUtils.java:110)
	at org.apache.kafka.clients.ClusterConnectionStates$NodeConnectionState.currentAddress(ClusterConnectionStates.java:510)
	at org.apache.kafka.clients.ClusterConnectionStates$NodeConnectionState.access$200(ClusterConnectionStates.java:467)
	at org.apache.kafka.clients.ClusterConnectionStates.currentAddress(ClusterConnectionStates.java:173)
	at org.apache.kafka.clients.NetworkClient.initiateConnect(NetworkClient.java:990)
	at org.apache.kafka.clients.NetworkClient.ready(NetworkClient.java:301)
	at org.apache.kafka.clients.consumer.internals.ConsumerNetworkClient.tryConnect(ConsumerNetworkClient.java:590)
	at org.apache.kafka.clients.consumer.internals.AbstractCoordinator$FindCoordinatorResponseHandler.onSuccess(AbstractCoordinator.java:897)
	at org.apache.kafka.clients.consumer.internals.AbstractCoordinator$FindCoordinatorResponseHandler.onSuccess(AbstractCoordinator.java:873)
	at org.apache.kafka.clients.consumer.internals.RequestFuture$1.onSuccess(RequestFuture.java:206)
	at org.apache.kafka.clients.consumer.internals.RequestFuture.fireSuccess(RequestFuture.java:169)
	at org.apache.kafka.clients.consumer.internals.RequestFuture.complete(RequestFuture.java:129)
	at org.apache.kafka.clients.consumer.internals.ConsumerNetworkClient$RequestFutureCompletionHandler.fireCompletion(ConsumerNetworkClient.java:617)
	at org.apache.kafka.clients.consumer.internals.ConsumerNetworkClient.firePendingCompletedRequests(ConsumerNetworkClient.java:427)
	at org.apache.kafka.clients.consumer.internals.ConsumerNetworkClient.poll(ConsumerNetworkClient.java:312)
	at org.apache.kafka.clients.consumer.internals.ConsumerNetworkClient.poll(ConsumerNetworkClient.java:230)
	at org.apache.kafka.clients.consumer.internals.AbstractCoordinator.ensureCoordinatorReady(AbstractCoordinator.java:265)
	at org.apache.kafka.clients.consumer.internals.AbstractCoordinator.ensureCoordinatorReady(AbstractCoordinator.java:240)
	at org.apache.kafka.clients.consumer.internals.ConsumerCoordinator.coordinatorUnknownAndUnreadySync(ConsumerCoordinator.java:497)
	at org.apache.kafka.clients.consumer.internals.ConsumerCoordinator.poll(ConsumerCoordinator.java:529)
	at org.apache.kafka.clients.consumer.KafkaConsumer.updateAssignmentMetadataIfNeeded(KafkaConsumer.java:1272)
	at org.apache.kafka.clients.consumer.KafkaConsumer.poll(KafkaConsumer.java:1236)
	at org.apache.kafka.clients.consumer.KafkaConsumer.poll(KafkaConsumer.java:1216)
	at java.base/jdk.internal.reflect.NativeMethodAccessorImpl.invoke0(Native Method)
	at java.base/jdk.internal.reflect.NativeMethodAccessorImpl.invoke(NativeMethodAccessorImpl.java:77)
	at java.base/jdk.internal.reflect.DelegatingMethodAccessorImpl.invoke(DelegatingMethodAccessorImpl.java:43)
	at java.base/java.lang.reflect.Method.invoke(Method.java:568)
	at org.springframework.aop.support.AopUtils.invokeJoinpointUsingReflection(AopUtils.java:343)
	at org.springframework.aop.framework.JdkDynamicAopProxy.invoke(JdkDynamicAopProxy.java:237)
	at jdk.proxy2/jdk.proxy2.$Proxy117.poll(Unknown Source)
	at org.springframework.kafka.listener.KafkaMessageListenerContainer$ListenerConsumer.pollConsumer(KafkaMessageListenerContainer.java:1676)
	at org.springframework.kafka.listener.KafkaMessageListenerContainer$ListenerConsumer.doPoll(KafkaMessageListenerContainer.java:1651)
	at org.springframework.kafka.listener.KafkaMessageListenerContainer$ListenerConsumer.pollAndInvoke(KafkaMessageListenerContainer.java:1452)
	at org.springframework.kafka.listener.KafkaMessageListenerContainer$ListenerConsumer.run(KafkaMessageListenerContainer.java:1344)
	at java.base/java.util.concurrent.CompletableFuture$AsyncRun.run(CompletableFuture.java:1804)
	at java.base/java.lang.Thread.run(Thread.java:833)
22:47:06.918 [org.springframework.kafka.KafkaListenerEndpointContainer#1-0-C-1] &amp#27;[34mINFO &amp#27;[0;39m &amp#27;[36mo.a.k.c.c.i.ConsumerCoordinator&amp#27;[0;39m - [Consumer clientId=consumer-example-group-id-2, groupId=example-group-id] Group coordinator host.docker.internal:29092 (id: 2147483646 rack: null) is unavailable or invalid due to cause: coordinator unavailable. isDisconnected: false. Rediscovery will be attempted.
22:47:06.919 [org.springframework.kafka.KafkaListenerEndpointContainer#0-0-C-1] &amp#27;[34mINFO &amp#27;[0;39m &amp#27;[36mo.a.k.c.c.i.ConsumerCoordinator&amp#27;[0;39m - [Consumer clientId=consumer-example-group-id-1, groupId=example-group-id] Group coordinator host.docker.internal:29092 (id: 2147483646 rack: null) is unavailable or invalid due to cause: coordinator unavailable. isDisconnected: false. Rediscovery will be attempted.
22:47:06.919 [org.springframework.kafka.KafkaListenerEndpointContainer#1-0-C-1] &amp#27;[34mINFO &amp#27;[0;39m &amp#27;[36mo.a.k.c.c.i.ConsumerCoordinator&amp#27;[0;39m - [Consumer clientId=consumer-example-group-id-2, groupId=example-group-id] Requesting disconnect from last known coordinator host.docker.internal:29092 (id: 2147483646 rack: null)
22:47:06.919 [org.springframework.kafka.KafkaListenerEndpointContainer#0-0-C-1] &amp#27;[34mINFO &amp#27;[0;39m &amp#27;[36mo.a.k.c.c.i.ConsumerCoordinator&amp#27;[0;39m - [Consumer clientId=consumer-example-group-id-1, groupId=example-group-id] Requesting disconnect from last known coordinator host.docker.internal:29092 (id: 2147483646 rack: null)
22:47:07.022 [org.springframework.kafka.KafkaListenerEndpointContainer#1-0-C-1] &amp#27;[31mWARN &amp#27;[0;39m &amp#27;[36mo.a.k.c.NetworkClient&amp#27;[0;39m - [Consumer clientId=consumer-example-group-id-2, groupId=example-group-id] Error connecting to node host.docker.internal:29092 (id: 1 rack: null)
java.net.UnknownHostException: host.docker.internal
	at java.base/java.net.InetAddress$CachedAddresses.get(InetAddress.java:801)
	at java.base/java.net.InetAddress.getAllByName0(InetAddress.java:1519)
	at java.base/java.net.InetAddress.getAllByName(InetAddress.java:1377)
	at java.base/java.net.InetAddress.getAllByName(InetAddress.java:1305)
	at org.apache.kafka.clients.DefaultHostResolver.resolve(DefaultHostResolver.java:27)
	at org.apache.kafka.clients.ClientUtils.resolve(ClientUtils.java:110)
	at org.apache.kafka.clients.ClusterConnectionStates$NodeConnectionState.currentAddress(ClusterConnectionStates.java:510)
	at org.apache.kafka.clients.ClusterConnectionStates$NodeConnectionState.access$200(ClusterConnectionStates.java:467)
	at org.apache.kafka.clients.ClusterConnectionStates.currentAddress(ClusterConnectionStates.java:173)
	at org.apache.kafka.clients.NetworkClient.initiateConnect(NetworkClient.java:990)
	at org.apache.kafka.clients.NetworkClient.ready(NetworkClient.java:301)
	at org.apache.kafka.clients.consumer.internals.ConsumerNetworkClient.trySend(ConsumerNetworkClient.java:513)
	at org.apache.kafka.clients.consumer.internals.ConsumerNetworkClient.poll(ConsumerNetworkClient.java:270)
	at org.apache.kafka.clients.consumer.internals.ConsumerNetworkClient.poll(ConsumerNetworkClient.java:230)
	at org.apache.kafka.clients.consumer.internals.AbstractCoordinator.ensureCoordinatorReady(AbstractCoordinator.java:265)
	at org.apache.kafka.clients.consumer.internals.AbstractCoordinator.ensureCoordinatorReady(AbstractCoordinator.java:240)
	at org.apache.kafka.clients.consumer.internals.ConsumerCoordinator.coordinatorUnknownAndUnreadySync(ConsumerCoordinator.java:497)
	at org.apache.kafka.clients.consumer.internals.ConsumerCoordinator.poll(ConsumerCoordinator.java:529)
	at org.apache.kafka.clients.consumer.KafkaConsumer.updateAssignmentMetadataIfNeeded(KafkaConsumer.java:1272)
	at org.apache.kafka.clients.consumer.KafkaConsumer.poll(KafkaConsumer.java:1236)
	at org.apache.kafka.clients.consumer.KafkaConsumer.poll(KafkaConsumer.java:1216)
	at java.base/jdk.internal.reflect.NativeMethodAccessorImpl.invoke0(Native Method)
	at java.base/jdk.internal.reflect.NativeMethodAccessorImpl.invoke(NativeMethodAccessorImpl.java:77)
	at java.base/jdk.internal.reflect.DelegatingMethodAccessorImpl.invoke(DelegatingMethodAccessorImpl.java:43)
	at java.base/java.lang.reflect.Method.invoke(Method.java:568)
	at org.springframework.aop.support.AopUtils.invokeJoinpointUsingReflection(AopUtils.java:343)
	at org.springframework.aop.framework.JdkDynamicAopProxy.invoke(JdkDynamicAopProxy.java:237)
	at jdk.proxy2/jdk.proxy2.$Proxy117.poll(Unknown Source)
	at org.springframework.kafka.listener.KafkaMessageListenerContainer$ListenerConsumer.pollConsumer(KafkaMessageListenerContainer.java:1676)
	at org.springframework.kafka.listener.KafkaMessageListenerContainer$ListenerConsumer.doPoll(KafkaMessageListenerContainer.java:1651)
	at org.springframework.kafka.listener.KafkaMessageListenerContainer$ListenerConsumer.pollAndInvoke(KafkaMessageListenerContainer.java:1452)
	at org.springframework.kafka.listener.KafkaMessageListenerContainer$ListenerConsumer.run(KafkaMessageListenerContainer.java:1344)
	at java.base/java.util.concurrent.CompletableFuture$AsyncRun.run(CompletableFuture.java:1804)
	at java.base/java.lang.Thread.run(Thread.java:833)
22:47:07.024 [org.springframework.kafka.KafkaListenerEndpointContainer#0-0-C-1] &amp#27;[31mWARN &amp#27;[0;39m &amp#27;[36mo.a.k.c.NetworkClient&amp#27;[0;39m - [Consumer clientId=consumer-example-group-id-1, groupId=example-group-id] Error connecting to node host.docker.internal:29092 (id: 1 rack: null)
java.net.UnknownHostException: host.docker.internal
	at java.base/java.net.InetAddress$CachedAddresses.get(InetAddress.java:801)
	at java.base/java.net.InetAddress.getAllByName0(InetAddress.java:1519)
	at java.base/java.net.InetAddress.getAllByName(InetAddress.java:1377)
	at java.base/java.net.InetAddress.getAllByName(InetAddress.java:1305)
	at org.apache.kafka.clients.DefaultHostResolver.resolve(DefaultHostResolver.java:27)
	at org.apache.kafka.clients.ClientUtils.resolve(ClientUtils.java:110)
	at org.apache.kafka.clients.ClusterConnectionStates$NodeConnectionState.currentAddress(ClusterConnectionStates.java:510)
	at org.apache.kafka.clients.ClusterConnectionStates$NodeConnectionState.access$200(ClusterConnectionStates.java:467)
	at org.apache.kafka.clients.ClusterConnectionStates.currentAddress(ClusterConnectionStates.java:173)
	at org.apache.kafka.clients.NetworkClient.initiateConnect(NetworkClient.java:990)
	at org.apache.kafka.clients.NetworkClient.ready(NetworkClient.java:301)
	at org.apache.kafka.clients.consumer.internals.ConsumerNetworkClient.trySend(ConsumerNetworkClient.java:513)
	at org.apache.kafka.clients.consumer.internals.ConsumerNetworkClient.poll(ConsumerNetworkClient.java:270)
	at org.apache.kafka.clients.consumer.internals.ConsumerNetworkClient.poll(ConsumerNetworkClient.java:230)
	at org.apache.kafka.clients.consumer.internals.AbstractCoordinator.ensureCoordinatorReady(AbstractCoordinator.java:265)
	at org.apache.kafka.clients.consumer.internals.AbstractCoordinator.ensureCoordinatorReady(AbstractCoordinator.java:240)
	at org.apache.kafka.clients.consumer.internals.ConsumerCoordinator.coordinatorUnknownAndUnreadySync(ConsumerCoordinator.java:497)
	at org.apache.kafka.clients.consumer.internals.ConsumerCoordinator.poll(ConsumerCoordinator.java:529)
	at org.apache.kafka.clients.consumer.KafkaConsumer.updateAssignmentMetadataIfNeeded(KafkaConsumer.java:1272)
	at org.apache.kafka.clients.consumer.KafkaConsumer.poll(KafkaConsumer.java:1236)
	at org.apache.kafka.clients.consumer.KafkaConsumer.poll(KafkaConsumer.java:1216)
	at java.base/jdk.internal.reflect.NativeMethodAccessorImpl.invoke0(Native Method)
	at java.base/jdk.internal.reflect.NativeMethodAccessorImpl.invoke(NativeMethodAccessorImpl.java:77)
	at java.base/jdk.internal.reflect.DelegatingMethodAccessorImpl.invoke(DelegatingMethodAccessorImpl.java:43)
	at java.base/java.lang.reflect.Method.invoke(Method.java:568)
	at org.springframework.aop.support.AopUtils.invokeJoinpointUsingReflection(AopUtils.java:343)
	at org.springframework.aop.framework.JdkDynamicAopProxy.invoke(JdkDynamicAopProxy.java:237)
	at jdk.proxy2/jdk.proxy2.$Proxy117.poll(Unknown Source)
	at org.springframework.kafka.listener.KafkaMessageListenerContainer$ListenerConsumer.pollConsumer(KafkaMessageListenerContainer.java:1676)
	at org.springframework.kafka.listener.KafkaMessageListenerContainer$ListenerConsumer.doPoll(KafkaMessageListenerContainer.java:1651)
	at org.springframework.kafka.listener.KafkaMessageListenerContainer$ListenerConsumer.pollAndInvoke(KafkaMessageListenerContainer.java:1452)
	at org.springframework.kafka.listener.KafkaMessageListenerContainer$ListenerConsumer.run(KafkaMessageListenerContainer.java:1344)
	at java.base/java.util.concurrent.CompletableFuture$AsyncRun.run(CompletableFuture.java:1804)
	at java.base/java.lang.Thread.run(Thread.java:833)
22:47:07.123 [org.springframework.kafka.KafkaListenerEndpointContainer#1-0-C-1] &amp#27;[31mWARN &amp#27;[0;39m &amp#27;[36mo.a.k.c.NetworkClient&amp#27;[0;39m - [Consumer clientId=consumer-example-group-id-2, groupId=example-group-id] Error connecting to node host.docker.internal:29092 (id: 1 rack: null)
java.net.UnknownHostException: host.docker.internal
	at java.base/java.net.InetAddress$CachedAddresses.get(InetAddress.java:801)
	at java.base/java.net.InetAddress.getAllByName0(InetAddress.java:1519)
	at java.base/java.net.InetAddress.getAllByName(InetAddress.java:1377)
	at java.base/java.net.InetAddress.getAllByName(InetAddress.java:1305)
	at org.apache.kafka.clients.DefaultHostResolver.resolve(DefaultHostResolver.java:27)
	at org.apache.kafka.clients.ClientUtils.resolve(ClientUtils.java:110)
	at org.apache.kafka.clients.ClusterConnectionStates$NodeConnectionState.currentAddress(ClusterConnectionStates.java:510)
	at org.apache.kafka.clients.ClusterConnectionStates$NodeConnectionState.access$200(ClusterConnectionStates.java:467)
	at org.apache.kafka.clients.ClusterConnectionStates.currentAddress(ClusterConnectionStates.java:173)
	at org.apache.kafka.clients.NetworkClient.initiateConnect(NetworkClient.java:990)
	at org.apache.kafka.clients.NetworkClient.access$600(NetworkClient.java:73)
	at org.apache.kafka.clients.NetworkClient$DefaultMetadataUpdater.maybeUpdate(NetworkClient.java:1163)
	at org.apache.kafka.clients.NetworkClient$DefaultMetadataUpdater.maybeUpdate(NetworkClient.java:1051)
	at org.apache.kafka.clients.NetworkClient.poll(NetworkClient.java:558)
	at org.apache.kafka.clients.consumer.internals.ConsumerNetworkClient.poll(ConsumerNetworkClient.java:280)
	at org.apache.kafka.clients.consumer.internals.ConsumerNetworkClient.poll(ConsumerNetworkClient.java:251)
	at org.apache.kafka.clients.consumer.internals.ConsumerNetworkClient.poll(ConsumerNetworkClient.java:242)
	at org.apache.kafka.clients.consumer.internals.ConsumerNetworkClient.awaitMetadataUpdate(ConsumerNetworkClient.java:164)
	at org.apache.kafka.clients.consumer.internals.AbstractCoordinator.ensureCoordinatorReady(AbstractCoordinator.java:277)
	at org.apache.kafka.clients.consumer.internals.AbstractCoordinator.ensureCoordinatorReady(AbstractCoordinator.java:240)
	at org.apache.kafka.clients.consumer.internals.ConsumerCoordinator.coordinatorUnknownAndUnreadySync(ConsumerCoordinator.java:497)
	at org.apache.kafka.clients.consumer.internals.ConsumerCoordinator.poll(ConsumerCoordinator.java:529)
	at org.apache.kafka.clients.consumer.KafkaConsumer.updateAssignmentMetadataIfNeeded(KafkaConsumer.java:1272)
	at org.apache.kafka.clients.consumer.KafkaConsumer.poll(KafkaConsumer.java:1236)
	at org.apache.kafka.clients.consumer.KafkaConsumer.poll(KafkaConsumer.java:1216)
	at java.base/jdk.internal.reflect.NativeMethodAccessorImpl.invoke0(Native Method)
	at java.base/jdk.internal.reflect.NativeMethodAccessorImpl.invoke(NativeMethodAccessorImpl.java:77)
	at java.base/jdk.internal.reflect.DelegatingMethodAccessorImpl.invoke(DelegatingMethodAccessorImpl.java:43)
	at java.base/java.lang.reflect.Method.invoke(Method.java:568)
	at org.springframework.aop.support.AopUtils.invokeJoinpointUsingReflection(AopUtils.java:343)
	at org.springframework.aop.framework.JdkDynamicAopProxy.invoke(JdkDynamicAopProxy.java:237)
	at jdk.proxy2/jdk.proxy2.$Proxy117.poll(Unknown Source)
	at org.springframework.kafka.listener.KafkaMessageListenerContainer$ListenerConsumer.pollConsumer(KafkaMessageListenerContainer.java:1676)
	at org.springframework.kafka.listener.KafkaMessageListenerContainer$ListenerConsumer.doPoll(KafkaMessageListenerContainer.java:1651)
	at org.springframework.kafka.listener.KafkaMessageListenerContainer$ListenerConsumer.pollAndInvoke(KafkaMessageListenerContainer.java:1452)
	at org.springframework.kafka.listener.KafkaMessageListenerContainer$ListenerConsumer.run(KafkaMessageListenerContainer.java:1344)
	at java.base/java.util.concurrent.CompletableFuture$AsyncRun.run(CompletableFuture.java:1804)
	at java.base/java.lang.Thread.run(Thread.java:833)
22:47:07.126 [org.springframework.kafka.KafkaListenerEndpointContainer#0-0-C-1] &amp#27;[31mWARN &amp#27;[0;39m &amp#27;[36mo.a.k.c.NetworkClient&amp#27;[0;39m - [Consumer clientId=consumer-example-group-id-1, groupId=example-group-id] Error connecting to node host.docker.internal:29092 (id: 1 rack: null)
java.net.UnknownHostException: host.docker.internal
	at java.base/java.net.InetAddress$CachedAddresses.get(InetAddress.java:801)
	at java.base/java.net.InetAddress.getAllByName0(InetAddress.java:1519)
	at java.base/java.net.InetAddress.getAllByName(InetAddress.java:1377)
	at java.base/java.net.InetAddress.getAllByName(InetAddress.java:1305)
	at org.apache.kafka.clients.DefaultHostResolver.resolve(DefaultHostResolver.java:27)
	at org.apache.kafka.clients.ClientUtils.resolve(ClientUtils.java:110)
	at org.apache.kafka.clients.ClusterConnectionStates$NodeConnectionState.currentAddress(ClusterConnectionStates.java:510)
	at org.apache.kafka.clients.ClusterConnectionStates$NodeConnectionState.access$200(ClusterConnectionStates.java:467)
	at org.apache.kafka.clients.ClusterConnectionStates.currentAddress(ClusterConnectionStates.java:173)
	at org.apache.kafka.clients.NetworkClient.initiateConnect(NetworkClient.java:990)
	at org.apache.kafka.clients.NetworkClient.access$600(NetworkClient.java:73)
	at org.apache.kafka.clients.NetworkClient$DefaultMetadataUpdater.maybeUpdate(NetworkClient.java:1163)
	at org.apache.kafka.clients.NetworkClient$DefaultMetadataUpdater.maybeUpdate(NetworkClient.java:1051)
	at org.apache.kafka.clients.NetworkClient.poll(NetworkClient.java:558)
	at org.apache.kafka.clients.consumer.internals.ConsumerNetworkClient.poll(ConsumerNetworkClient.java:280)
	at org.apache.kafka.clients.consumer.internals.ConsumerNetworkClient.poll(ConsumerNetworkClient.java:251)
	at org.apache.kafka.clients.consumer.internals.ConsumerNetworkClient.poll(ConsumerNetworkClient.java:242)
	at org.apache.kafka.clients.consumer.internals.ConsumerNetworkClient.awaitMetadataUpdate(ConsumerNetworkClient.java:164)
	at org.apache.kafka.clients.consumer.internals.AbstractCoordinator.ensureCoordinatorReady(AbstractCoordinator.java:277)
	at org.apache.kafka.clients.consumer.internals.AbstractCoordinator.ensureCoordinatorReady(AbstractCoordinator.java:240)
	at org.apache.kafka.clients.consumer.internals.ConsumerCoordinator.coordinatorUnknownAndUnreadySync(ConsumerCoordinator.java:497)
	at org.apache.kafka.clients.consumer.internals.ConsumerCoordinator.poll(ConsumerCoordinator.java:529)
	at org.apache.kafka.clients.consumer.KafkaConsumer.updateAssignmentMetadataIfNeeded(KafkaConsumer.java:1272)
	at org.apache.kafka.clients.consumer.KafkaConsumer.poll(KafkaConsumer.java:1236)
	at org.apache.kafka.clients.consumer.KafkaConsumer.poll(KafkaConsumer.java:1216)
	at java.base/jdk.internal.reflect.NativeMethodAccessorImpl.invoke0(Native Method)
	at java.base/jdk.internal.reflect.NativeMethodAccessorImpl.invoke(NativeMethodAccessorImpl.java:77)
	at java.base/jdk.internal.reflect.DelegatingMethodAccessorImpl.invoke(DelegatingMethodAccessorImpl.java:43)
	at java.base/java.lang.reflect.Method.invoke(Method.java:568)
	at org.springframework.aop.support.AopUtils.invokeJoinpointUsingReflection(AopUtils.java:343)
	at org.springframework.aop.framework.JdkDynamicAopProxy.invoke(JdkDynamicAopProxy.java:237)
	at jdk.proxy2/jdk.proxy2.$Proxy117.poll(Unknown Source)
	at org.springframework.kafka.listener.KafkaMessageListenerContainer$ListenerConsumer.pollConsumer(KafkaMessageListenerContainer.java:1676)
	at org.springframework.kafka.listener.KafkaMessageListenerContainer$ListenerConsumer.doPoll(KafkaMessageListenerContainer.java:1651)
	at org.springframework.kafka.listener.KafkaMessageListenerContainer$ListenerConsumer.pollAndInvoke(KafkaMessageListenerContainer.java:1452)
	at org.springframework.kafka.listener.KafkaMessageListenerContainer$ListenerConsumer.run(KafkaMessageListenerContainer.java:1344)
	at java.base/java.util.concurrent.CompletableFuture$AsyncRun.run(CompletableFuture.java:1804)
	at java.base/java.lang.Thread.run(Thread.java:833)
]]></system-out>
  </testcase>
</testsuite>